CONOP      Mar 25 05:51:02 :660 2022 root> date
Mar 25 05:51:02 :660 2022
CONOP      Mar 25 05:51:02 :670 2022 root> do nccstartup
Invalid script name nccstartup
CONOP      Mar 25 05:51:02 :680 2022 root> script -v 1
CONOP      Mar 25 05:51:04 :680 2022 root> date
Mar 25 05:51:04 :680 2022
CONOP      Mar 25 05:51:04 :690 2022 root> do nccstartup
Invalid script name nccstartup
CONOP      Mar 25 05:51:04 :700 2022 root> script -v 1
GUISERV    Mar 25 05:51:06 :258 2022 TCP Server socket 3001 opened
SNMPPROXY  Mar 25 05:51:06 :268 2022 Query connection up
NCCASC     Mar 25 05:51:08 :252 2022 Terminal 0x140 (A4Z1_N1_CH_SATH_ART_R1_05) now the MRT
NCCASC     Mar 25 05:51:36 :376 2022 Terminal 0x140 (A4Z1_N1_CH_SATH_ART_R1_05) status Waiting for RxSync
TRANSECNCC Mar 25 05:51:36 :376 2022 TRANSEC status: Disabled
TTP        Mar 25 05:51:40 :348 2022 Conn 0x140 Up
NCCASC     Mar 25 05:51:40 :373 2022 Terminal 0x140 (A4Z1_N1_CH_SATH_ART_R1_05) status Up
NCCASC     Mar 25 05:52:21 :331 2022 Terminal 0x400 (A4Z1_N1_CH_SATH_TT1_R1_11) status Up
TTP        Mar 25 05:52:21 :520 2022 Conn 0x400 Up
NCCASC     Mar 25 05:52:23 :140 2022 Terminal 0x4e0 (A4Z1_N1_CH_SATH_TT8_R1_18) status Up
TTP        Mar 25 05:52:23 :329 2022 Conn 0x4e0 Up
NCCASC     Mar 25 05:52:24 :949 2022 Terminal 0x4a0 (A4Z1_N1_CH_SATH_TT6_R1_16) status Up
TTP        Mar 25 05:52:25 :138 2022 Conn 0x4a0 Up
NCCASC     Mar 25 05:52:26 :785 2022 Terminal 0x580 (A4Z2_N8_R_SAT1_TT1_R1_01) status Up
TTP        Mar 25 05:52:26 :974 2022 Conn 0x580 Up
NCCASC     Mar 25 05:52:28 :594 2022 Terminal 0x460 (A4Z1_N1_CH_SATH_TT4_R1_14) status Up
TTP        Mar 25 05:52:28 :756 2022 Conn 0x460 Up
NCCASC     Mar 25 05:52:30 :457 2022 Terminal 0x540 (A4Z2_N3_R_SAT8_TT1_R1_01) status Up
TTP        Mar 25 05:52:30 :646 2022 Conn 0x540 Up
NCCASC     Mar 25 05:52:32 :266 2022 Terminal 0x420 (A4Z1_N1_CH_SATH_TT2_R1_12) status Up
TTP        Mar 25 05:52:32 :455 2022 Conn 0x420 Up
NCCASC     Mar 25 05:52:34 :076 2022 Terminal 0x500 (A4Z1_N2_R_SAT8_TT1_R1_01) status Up
TTP        Mar 25 05:52:34 :264 2022 Conn 0x500 Up
NCCASC     Mar 25 05:52:35 :884 2022 Terminal 0x4c0 (A4Z1_N1_CH_SATH_TT7_R1_17) status Up
TTP        Mar 25 05:52:36 :046 2022 Conn 0x4c0 Up
NCCASC     Mar 25 05:52:40 :717 2022 Terminal 0x480 (A4Z1_N1_CH_SATH_TT5_R1_15) status Up
TTP        Mar 25 05:52:40 :933 2022 Conn 0x480 Up
NCCASC     Mar 25 05:52:45 :577 2022 Terminal 0x440 (A4Z1_N1_CH_SATH_TT3_R1_13) status Up
TTP        Mar 25 05:52:45 :739 2022 Conn 0x440 Up
CONOP      Mar 25 05:55:03 :180 2022 root> date
Mar 25 05:55:03 :180 2022
CONOP      Mar 25 05:55:03 :190 2022 root> do nccstartup
Invalid script name nccstartup
CONOP      Mar 25 05:55:03 :200 2022 root> script -v 1
CONOP      Mar 25 05:55:05 :180 2022 root> date
Mar 25 05:55:05 :180 2022
CONOP      Mar 25 05:55:05 :190 2022 root> do nccstartup
Invalid script name nccstartup
CONOP      Mar 25 05:55:05 :200 2022 root> script -v 1
GUISERV    Mar 25 05:55:06 :769 2022 TCP Server socket 3001 opened
SNMPPROXY  Mar 25 05:55:06 :780 2022 Query connection up
NCCASC     Mar 25 05:55:08 :763 2022 Terminal 0x140 (A4Z1_N1_CH_SATH_ART_R1_05) now the MRT
NCCASC     Mar 25 05:55:36 :870 2022 Terminal 0x140 (A4Z1_N1_CH_SATH_ART_R1_05) status Waiting for RxSync
TRANSECNCC Mar 25 05:55:36 :870 2022 TRANSEC status: Disabled
TTP        Mar 25 05:55:40 :865 2022 Conn 0x140 Up
NCCASC     Mar 25 05:55:40 :878 2022 Terminal 0x140 (A4Z1_N1_CH_SATH_ART_R1_05) status Up
NCCASC     Mar 25 05:56:12 :805 2022 Terminal 0x440 (A4Z1_N1_CH_SATH_TT3_R1_13) status Up
TTP        Mar 25 05:56:12 :966 2022 Conn 0x440 Up
NCCASC     Mar 25 05:56:20 :634 2022 Terminal 0x400 (A4Z1_N1_CH_SATH_TT1_R1_11) status Up
TTP        Mar 25 05:56:20 :850 2022 Conn 0x400 Up
NCCASC     Mar 25 05:56:22 :470 2022 Terminal 0x4e0 (A4Z1_N1_CH_SATH_TT8_R1_18) status Up
TTP        Mar 25 05:56:22 :686 2022 Conn 0x4e0 Up
NCCASC     Mar 25 05:56:24 :333 2022 Terminal 0x4a0 (A4Z1_N1_CH_SATH_TT6_R1_16) status Up
TTP        Mar 25 05:56:24 :522 2022 Conn 0x4a0 Up
NCCASC     Mar 25 05:56:26 :142 2022 Terminal 0x580 (A4Z2_N8_R_SAT1_TT1_R1_01) status Up
TTP        Mar 25 05:56:26 :358 2022 Conn 0x580 Up
NCCASC     Mar 25 05:56:28 :006 2022 Terminal 0x460 (A4Z1_N1_CH_SATH_TT4_R1_14) status Up
TTP        Mar 25 05:56:28 :167 2022 Conn 0x460 Up
NCCASC     Mar 25 05:56:29 :922 2022 Terminal 0x540 (A4Z2_N3_R_SAT8_TT1_R1_01) status Up
TTP        Mar 25 05:56:30 :111 2022 Conn 0x540 Up
NCCASC     Mar 25 05:56:31 :839 2022 Terminal 0x420 (A4Z1_N1_CH_SATH_TT2_R1_12) status Up
TTP        Mar 25 05:56:32 :028 2022 Conn 0x420 Up
NCCASC     Mar 25 05:56:33 :701 2022 Terminal 0x500 (A4Z1_N2_R_SAT8_TT1_R1_01) status Up
TTP        Mar 25 05:56:33 :891 2022 Conn 0x500 Up
NCCASC     Mar 25 05:56:35 :619 2022 Terminal 0x4c0 (A4Z1_N1_CH_SATH_TT7_R1_17) status Up
TTP        Mar 25 05:56:35 :808 2022 Conn 0x4c0 Up
NCCASC     Mar 25 05:56:40 :506 2022 Terminal 0x480 (A4Z1_N1_CH_SATH_TT5_R1_15) status Up
TTP        Mar 25 05:56:40 :749 2022 Conn 0x480 Up
CONOP      Mar 25 06:15:03 :170 2022 root> date
Mar 25 06:15:03 :170 2022
CONOP      Mar 25 06:15:03 :180 2022 root> do nccstartup
Invalid script name nccstartup
CONOP      Mar 25 06:15:03 :190 2022 root> script -v 1
CONOP      Mar 25 06:15:05 :190 2022 root> date
Mar 25 06:15:05 :190 2022
CONOP      Mar 25 06:15:05 :200 2022 root> do nccstartup
Invalid script name nccstartup
CONOP      Mar 25 06:15:05 :210 2022 root> script -v 1
GUISERV    Mar 25 06:15:06 :760 2022 TCP Server socket 3001 opened
SNMPPROXY  Mar 25 06:15:06 :771 2022 Query connection up
NCCASC     Mar 25 06:15:08 :762 2022 Terminal 0x140 (A4Z1_N1_CH_SATH_ART_R1_05) now the MRT
NCCASC     Mar 25 06:15:36 :885 2022 Terminal 0x140 (A4Z1_N1_CH_SATH_ART_R1_05) status Waiting for RxSync
TRANSECNCC Mar 25 06:15:36 :885 2022 TRANSEC status: Disabled
TTP        Mar 25 06:15:40 :870 2022 Conn 0x140 Up
NCCASC     Mar 25 06:15:40 :884 2022 Terminal 0x140 (A4Z1_N1_CH_SATH_ART_R1_05) status Up
NCCASC     Mar 25 06:16:12 :808 2022 Terminal 0x440 (A4Z1_N1_CH_SATH_TT3_R1_13) status Up
TTP        Mar 25 06:16:12 :997 2022 Conn 0x440 Up
NCCASC     Mar 25 06:16:20 :611 2022 Terminal 0x400 (A4Z1_N1_CH_SATH_TT1_R1_11) status Up
TTP        Mar 25 06:16:20 :800 2022 Conn 0x400 Up
NCCASC     Mar 25 06:16:22 :420 2022 Terminal 0x4e0 (A4Z1_N1_CH_SATH_TT8_R1_18) status Up
TTP        Mar 25 06:16:22 :609 2022 Conn 0x4e0 Up
NCCASC     Mar 25 06:16:24 :391 2022 Terminal 0x4a0 (A4Z1_N1_CH_SATH_TT6_R1_16) status Up
TTP        Mar 25 06:16:24 :580 2022 Conn 0x4a0 Up
NCCASC     Mar 25 06:16:26 :578 2022 Terminal 0x580 (A4Z2_N8_R_SAT1_TT1_R1_01) status Up
TTP        Mar 25 06:16:26 :767 2022 Conn 0x580 Up
NCCASC     Mar 25 06:16:28 :468 2022 Terminal 0x460 (A4Z1_N1_CH_SATH_TT4_R1_14) status Up
TTP        Mar 25 06:16:29 :629 2022 Conn 0x460 Up
NCCASC     Mar 25 06:16:30 :331 2022 Terminal 0x540 (A4Z2_N3_R_SAT8_TT1_R1_01) status Up
TTP        Mar 25 06:16:31 :816 2022 Conn 0x540 Up
NCCASC     Mar 25 06:16:32 :464 2022 Terminal 0x420 (A4Z1_N1_CH_SATH_TT2_R1_12) status Up
TTP        Mar 25 06:16:33 :004 2022 Conn 0x420 Up
NCCASC     Mar 25 06:16:34 :597 2022 Terminal 0x500 (A4Z1_N2_R_SAT8_TT1_R1_01) status Up
TTP        Mar 25 06:16:34 :786 2022 Conn 0x500 Up
NCCASC     Mar 25 06:16:36 :433 2022 Terminal 0x4c0 (A4Z1_N1_CH_SATH_TT7_R1_17) status Up
TTP        Mar 25 06:16:36 :622 2022 Conn 0x4c0 Up
NCCASC     Mar 25 06:16:41 :266 2022 Terminal 0x480 (A4Z1_N1_CH_SATH_TT5_R1_15) status Up
TTP        Mar 25 06:16:41 :455 2022 Conn 0x480 Up
NCCASC     Mar 25 06:20:36 :329 2022 Terminal 0x120 (A4Z1_N1_CH_SATH_MRT_R1_04) status Up
TTP        Mar 25 06:20:36 :437 2022 Conn 0x120 Up
CONOP      Mar 25 06:22:45 :380 2022 root> date
Mar 25 06:22:45 :380 2022
CONOP      Mar 25 06:22:45 :390 2022 root> do nccstartup
Invalid script name nccstartup
CONOP      Mar 25 06:22:45 :400 2022 root> script -v 1
TRANSECNCC Mar 25 06:22:45 :519 2022 TRANSEC status: Disabled
NCCASC     Mar 25 06:22:45 :930 2022 Terminal 0x4a0 (A4Z1_N1_CH_SATH_TT6_R1_16) status Up
NCCASC     Mar 25 06:22:45 :957 2022 Terminal 0x580 (A4Z2_N8_R_SAT1_TT1_R1_01) status Up
NCCASC     Mar 25 06:22:45 :984 2022 Terminal 0x460 (A4Z1_N1_CH_SATH_TT4_R1_14) status Up
NCCASC     Mar 25 06:22:46 :011 2022 Terminal 0x540 (A4Z2_N3_R_SAT8_TT1_R1_01) status Up
NCCASC     Mar 25 06:22:46 :065 2022 Terminal 0x420 (A4Z1_N1_CH_SATH_TT2_R1_12) status Up
NCCASC     Mar 25 06:22:46 :092 2022 Terminal 0x500 (A4Z1_N2_R_SAT8_TT1_R1_01) status Up
NCCASC     Mar 25 06:22:46 :119 2022 Terminal 0x4c0 (A4Z1_N1_CH_SATH_TT7_R1_17) status Up
NCCASC     Mar 25 06:22:46 :173 2022 Terminal 0x480 (A4Z1_N1_CH_SATH_TT5_R1_15) status Up
NCCASC     Mar 25 06:22:46 :227 2022 Terminal 0x440 (A4Z1_N1_CH_SATH_TT3_R1_13) status Up
NCCASC     Mar 25 06:22:46 :308 2022 Terminal 0x400 (A4Z1_N1_CH_SATH_TT1_R1_11) status Up
NCCASC     Mar 25 06:22:46 :335 2022 Terminal 0x4e0 (A4Z1_N1_CH_SATH_TT8_R1_18) status Up
CONOP      Mar 25 06:22:47 :400 2022 root> date
Mar 25 06:22:47 :400 2022
CONOP      Mar 25 06:22:47 :410 2022 root> do nccstartup
Invalid script name nccstartup
CONOP      Mar 25 06:22:47 :420 2022 root> script -v 1
GUISERV    Mar 25 06:22:48 :975 2022 TCP Server socket 3001 opened
SNMPPROXY  Mar 25 06:22:48 :986 2022 Query connection up
NCCASC     Mar 25 06:22:49 :386 2022 Terminal 0x4a0 (A4Z1_N1_CH_SATH_TT6_R1_16) status Up
NCCASC     Mar 25 06:22:49 :413 2022 Terminal 0x580 (A4Z2_N8_R_SAT1_TT1_R1_01) status Up
TTP        Mar 25 06:22:49 :413 2022 Conn 0x440 Up
NCCASC     Mar 25 06:22:49 :440 2022 Terminal 0x460 (A4Z1_N1_CH_SATH_TT4_R1_14) status Up
NCCASC     Mar 25 06:22:49 :467 2022 Terminal 0x540 (A4Z2_N3_R_SAT8_TT1_R1_01) status Up
NCCASC     Mar 25 06:22:49 :521 2022 Terminal 0x420 (A4Z1_N1_CH_SATH_TT2_R1_12) status Up
NCCASC     Mar 25 06:22:49 :548 2022 Terminal 0x500 (A4Z1_N2_R_SAT8_TT1_R1_01) status Up
NCCASC     Mar 25 06:22:49 :575 2022 Terminal 0x4c0 (A4Z1_N1_CH_SATH_TT7_R1_17) status Up
NCCASC     Mar 25 06:22:49 :629 2022 Terminal 0x480 (A4Z1_N1_CH_SATH_TT5_R1_15) status Up
NCCASC     Mar 25 06:22:49 :683 2022 Terminal 0x440 (A4Z1_N1_CH_SATH_TT3_R1_13) status Up
NCCASC     Mar 25 06:22:49 :764 2022 Terminal 0x400 (A4Z1_N1_CH_SATH_TT1_R1_11) status Up
NCCASC     Mar 25 06:22:49 :791 2022 Terminal 0x4e0 (A4Z1_N1_CH_SATH_TT8_R1_18) status Up
TTP        Mar 25 06:22:51 :831 2022 Conn 0x120 Up
TTP        Mar 25 06:22:52 :302 2022 Conn 0x4e0 Up
TTP        Mar 25 06:22:57 :243 2022 Conn 0x400 Up
TTP        Mar 25 06:22:59 :916 2022 Conn 0x480 Up
TTP        Mar 25 06:23:00 :402 2022 Conn 0x420 Up
TRANSECNCC Mar 25 06:23:00 :518 2022 TRANSEC status: Disabled
TTP        Mar 25 06:23:02 :940 2022 Conn 0x140 Up
TTP        Mar 25 06:23:04 :560 2022 Conn 0x460 Up
TTP        Mar 25 06:23:04 :803 2022 Conn 0x580 Up
TTP        Mar 25 06:23:05 :640 2022 Conn 0x540 Up
TTP        Mar 25 06:23:06 :045 2022 Conn 0x500 Up
TTP        Mar 25 06:23:10 :635 2022 Conn 0x4c0 Up
NCCASC     Mar 25 06:23:13 :903 2022 Terminal 0x140 (A4Z1_N1_CH_SATH_ART_R1_05) status Up
TTP        Mar 25 06:23:14 :037 2022 Conn 0x140 Down
TTP        Mar 25 06:23:14 :037 2022 Conn 0x140 Up
TTP        Mar 25 06:23:15 :063 2022 Conn 0x4a0 Up
CONOP      Mar 25 06:28:58 :750 2022 root> date
Mar 25 06:28:58 :750 2022
CONOP      Mar 25 06:28:58 :770 2022 root> do nccstartup
Invalid script name nccstartup
CONOP      Mar 25 06:28:58 :780 2022 root> script -v 1
NCCASC     Mar 25 06:28:59 :181 2022 Terminal 0x4a0 (A4Z1_N1_CH_SATH_TT6_R1_16) status Up
NCCASC     Mar 25 06:28:59 :208 2022 Terminal 0x580 (A4Z2_N8_R_SAT1_TT1_R1_01) status Up
NCCASC     Mar 25 06:28:59 :235 2022 Terminal 0x460 (A4Z1_N1_CH_SATH_TT4_R1_14) status Up
NCCASC     Mar 25 06:28:59 :263 2022 Terminal 0x540 (A4Z2_N3_R_SAT8_TT1_R1_01) status Up
NCCASC     Mar 25 06:28:59 :316 2022 Terminal 0x420 (A4Z1_N1_CH_SATH_TT2_R1_12) status Up
NCCASC     Mar 25 06:28:59 :343 2022 Terminal 0x500 (A4Z1_N2_R_SAT8_TT1_R1_01) status Up
NCCASC     Mar 25 06:28:59 :370 2022 Terminal 0x4c0 (A4Z1_N1_CH_SATH_TT7_R1_17) status Up
NCCASC     Mar 25 06:28:59 :424 2022 Terminal 0x480 (A4Z1_N1_CH_SATH_TT5_R1_15) status Up
NCCASC     Mar 25 06:28:59 :478 2022 Terminal 0x440 (A4Z1_N1_CH_SATH_TT3_R1_13) status Up
NCCASC     Mar 25 06:28:59 :559 2022 Terminal 0x400 (A4Z1_N1_CH_SATH_TT1_R1_11) status Up
NCCASC     Mar 25 06:28:59 :586 2022 Terminal 0x4e0 (A4Z1_N1_CH_SATH_TT8_R1_18) status Up
TTP        Mar 25 06:28:59 :883 2022 Conn 0x4e0 Up
GUISERV    Mar 25 06:29:00 :336 2022 TCP Server socket 3001 opened
CONOP      Mar 25 06:29:00 :800 2022 root> date
Mar 25 06:29:00 :800 2022
CONOP      Mar 25 06:29:00 :810 2022 root> do nccstartup
Invalid script name nccstartup
CONOP      Mar 25 06:29:00 :820 2022 root> script -v 1
TTP        Mar 25 06:29:01 :152 2022 Conn 0x4e0 Up
GUISERV    Mar 25 06:29:02 :367 2022 TCP Server socket 3001 opened
SNMPPROXY  Mar 25 06:29:02 :377 2022 Query connection up
NCCASC     Mar 25 06:29:02 :637 2022 Terminal 0x4a0 (A4Z1_N1_CH_SATH_TT6_R1_16) status Up
NCCASC     Mar 25 06:29:02 :664 2022 Terminal 0x580 (A4Z2_N8_R_SAT1_TT1_R1_01) status Up
NCCASC     Mar 25 06:29:02 :691 2022 Terminal 0x460 (A4Z1_N1_CH_SATH_TT4_R1_14) status Up
NCCASC     Mar 25 06:29:02 :718 2022 Terminal 0x540 (A4Z2_N3_R_SAT8_TT1_R1_01) status Up
NCCASC     Mar 25 06:29:02 :772 2022 Terminal 0x420 (A4Z1_N1_CH_SATH_TT2_R1_12) status Up
NCCASC     Mar 25 06:29:02 :799 2022 Terminal 0x500 (A4Z1_N2_R_SAT8_TT1_R1_01) status Up
NCCASC     Mar 25 06:29:02 :826 2022 Terminal 0x4c0 (A4Z1_N1_CH_SATH_TT7_R1_17) status Up
NCCASC     Mar 25 06:29:02 :880 2022 Terminal 0x480 (A4Z1_N1_CH_SATH_TT5_R1_15) status Up
NCCASC     Mar 25 06:29:02 :934 2022 Terminal 0x440 (A4Z1_N1_CH_SATH_TT3_R1_13) status Up
NCCASC     Mar 25 06:29:03 :015 2022 Terminal 0x400 (A4Z1_N1_CH_SATH_TT1_R1_11) status Up
NCCASC     Mar 25 06:29:03 :042 2022 Terminal 0x4e0 (A4Z1_N1_CH_SATH_TT8_R1_18) status Up
TTP        Mar 25 06:29:03 :447 2022 Conn 0x540 Up
TRANSECNCC Mar 25 06:29:10 :128 2022 TRANSEC status: Disabled
TTP        Mar 25 06:29:10 :270 2022 Conn 0x140 Up
TTP        Mar 25 06:29:11 :466 2022 Conn 0x4a0 Up
TTP        Mar 25 06:29:12 :843 2022 Conn 0x480 Up
TTP        Mar 25 06:29:14 :247 2022 Conn 0x420 Up
TTP        Mar 25 06:29:14 :274 2022 Conn 0x400 Up
CONOP      Mar 25 06:29:46 :700 2022 root> date
Mar 25 06:29:46 :700 2022
CONOP      Mar 25 06:29:46 :710 2022 root> do nccstartup
Invalid script name nccstartup
CONOP      Mar 25 06:29:46 :720 2022 root> script -v 1
TTP        Mar 25 06:29:46 :809 2022 Conn 0x4a0 Up
TTP        Mar 25 06:29:47 :289 2022 Conn 0x140 Up
NCCASC     Mar 25 06:29:47 :565 2022 Terminal 0x4a0 (A4Z1_N1_CH_SATH_TT6_R1_16) status Up
NCCASC     Mar 25 06:29:47 :592 2022 Terminal 0x580 (A4Z2_N8_R_SAT1_TT1_R1_01) status Up
NCCASC     Mar 25 06:29:47 :619 2022 Terminal 0x460 (A4Z1_N1_CH_SATH_TT4_R1_14) status Up
NCCASC     Mar 25 06:29:47 :646 2022 Terminal 0x540 (A4Z2_N3_R_SAT8_TT1_R1_01) status Up
NCCASC     Mar 25 06:29:47 :700 2022 Terminal 0x420 (A4Z1_N1_CH_SATH_TT2_R1_12) status Up
NCCASC     Mar 25 06:29:47 :727 2022 Terminal 0x500 (A4Z1_N2_R_SAT8_TT1_R1_01) status Up
NCCASC     Mar 25 06:29:47 :754 2022 Terminal 0x4c0 (A4Z1_N1_CH_SATH_TT7_R1_17) status Up
NCCASC     Mar 25 06:29:47 :808 2022 Terminal 0x480 (A4Z1_N1_CH_SATH_TT5_R1_15) status Up
NCCASC     Mar 25 06:29:47 :862 2022 Terminal 0x440 (A4Z1_N1_CH_SATH_TT3_R1_13) status Up
NCCASC     Mar 25 06:29:47 :943 2022 Terminal 0x400 (A4Z1_N1_CH_SATH_TT1_R1_11) status Up
NCCASC     Mar 25 06:29:47 :970 2022 Terminal 0x4e0 (A4Z1_N1_CH_SATH_TT8_R1_18) status Up
TTP        Mar 25 06:29:48 :186 2022 Conn 0x540 Up
TTP        Mar 25 06:29:48 :240 2022 Conn 0x480 Up
GUISERV    Mar 25 06:29:48 :271 2022 TCP Server socket 3001 opened
CONOP      Mar 25 06:29:48 :730 2022 root> date
Mar 25 06:29:48 :730 2022
CONOP      Mar 25 06:29:48 :740 2022 root> do nccstartup
Invalid script name nccstartup
CONOP      Mar 25 06:29:48 :750 2022 root> script -v 1
TTP        Mar 25 06:29:49 :050 2022 Conn 0x460 Up
GUISERV    Mar 25 06:29:50 :305 2022 TCP Server socket 3001 opened
TTP        Mar 25 06:29:50 :535 2022 Conn 0x480 Up
NCCASC     Mar 25 06:29:51 :021 2022 Terminal 0x4a0 (A4Z1_N1_CH_SATH_TT6_R1_16) status Up
NCCASC     Mar 25 06:29:51 :048 2022 Terminal 0x580 (A4Z2_N8_R_SAT1_TT1_R1_01) status Up
NCCASC     Mar 25 06:29:51 :075 2022 Terminal 0x460 (A4Z1_N1_CH_SATH_TT4_R1_14) status Up
NCCASC     Mar 25 06:29:51 :102 2022 Terminal 0x540 (A4Z2_N3_R_SAT8_TT1_R1_01) status Up
NCCASC     Mar 25 06:29:51 :156 2022 Terminal 0x420 (A4Z1_N1_CH_SATH_TT2_R1_12) status Up
NCCASC     Mar 25 06:29:51 :183 2022 Terminal 0x500 (A4Z1_N2_R_SAT8_TT1_R1_01) status Up
NCCASC     Mar 25 06:29:51 :210 2022 Terminal 0x4c0 (A4Z1_N1_CH_SATH_TT7_R1_17) status Up
NCCASC     Mar 25 06:29:51 :264 2022 Terminal 0x480 (A4Z1_N1_CH_SATH_TT5_R1_15) status Up
NCCASC     Mar 25 06:29:51 :318 2022 Terminal 0x440 (A4Z1_N1_CH_SATH_TT3_R1_13) status Up
NCCASC     Mar 25 06:29:51 :399 2022 Terminal 0x400 (A4Z1_N1_CH_SATH_TT1_R1_11) status Up
NCCASC     Mar 25 06:29:51 :426 2022 Terminal 0x4e0 (A4Z1_N1_CH_SATH_TT8_R1_18) status Up
TTP        Mar 25 06:29:51 :507 2022 Conn 0x540 Up
TTP        Mar 25 06:29:53 :667 2022 Conn 0x400 Up
TRANSECNCC Mar 25 06:29:55 :128 2022 TRANSEC status: Disabled
TTP        Mar 25 06:29:58 :149 2022 Conn 0x4a0 Up
TTP        Mar 25 06:30:00 :282 2022 Conn 0x440 Up
TTP        Mar 25 06:30:01 :794 2022 Conn 0x420 Up
TTP        Mar 25 06:30:02 :172 2022 Conn 0x4c0 Up
CONOP      Mar 25 06:30:34 :640 2022 root> date
Mar 25 06:30:34 :640 2022
CONOP      Mar 25 06:30:34 :650 2022 root> do nccstartup
Invalid script name nccstartup
CONOP      Mar 25 06:30:34 :660 2022 root> script -v 1
TTP        Mar 25 06:30:34 :707 2022 Conn 0x480 Up
NCCASC     Mar 25 06:30:35 :949 2022 Terminal 0x4a0 (A4Z1_N1_CH_SATH_TT6_R1_16) status Up
NCCASC     Mar 25 06:30:35 :977 2022 Terminal 0x580 (A4Z2_N8_R_SAT1_TT1_R1_01) status Up
NCCASC     Mar 25 06:30:36 :003 2022 Terminal 0x460 (A4Z1_N1_CH_SATH_TT4_R1_14) status Up
NCCASC     Mar 25 06:30:36 :030 2022 Terminal 0x540 (A4Z2_N3_R_SAT8_TT1_R1_01) status Up
NCCASC     Mar 25 06:30:36 :084 2022 Terminal 0x420 (A4Z1_N1_CH_SATH_TT2_R1_12) status Up
NCCASC     Mar 25 06:30:36 :111 2022 Terminal 0x500 (A4Z1_N2_R_SAT8_TT1_R1_01) status Up
NCCASC     Mar 25 06:30:36 :138 2022 Terminal 0x4c0 (A4Z1_N1_CH_SATH_TT7_R1_17) status Up
NCCASC     Mar 25 06:30:36 :192 2022 Terminal 0x480 (A4Z1_N1_CH_SATH_TT5_R1_15) status Up
GUISERV    Mar 25 06:30:36 :213 2022 TCP Server socket 3001 opened
CONOP      Mar 25 06:30:36 :670 2022 root> date
Mar 25 06:30:36 :670 2022
CONOP      Mar 25 06:30:36 :680 2022 root> do nccstartup
Invalid script name nccstartup
CONOP      Mar 25 06:30:36 :690 2022 root> script -v 1
TTP        Mar 25 06:30:36 :975 2022 Conn 0x400 Up
GUISERV    Mar 25 06:30:38 :245 2022 TCP Server socket 3001 opened
SNMPPROXY  Mar 25 06:30:38 :255 2022 Query connection up
TTP        Mar 25 06:30:38 :865 2022 Conn 0x440 Up
NCCASC     Mar 25 06:30:39 :405 2022 Terminal 0x4a0 (A4Z1_N1_CH_SATH_TT6_R1_16) status Up
NCCASC     Mar 25 06:30:39 :432 2022 Terminal 0x580 (A4Z2_N8_R_SAT1_TT1_R1_01) status Up
NCCASC     Mar 25 06:30:39 :459 2022 Terminal 0x460 (A4Z1_N1_CH_SATH_TT4_R1_14) status Up
NCCASC     Mar 25 06:30:39 :486 2022 Terminal 0x540 (A4Z2_N3_R_SAT8_TT1_R1_01) status Up
NCCASC     Mar 25 06:30:39 :540 2022 Terminal 0x420 (A4Z1_N1_CH_SATH_TT2_R1_12) status Up
NCCASC     Mar 25 06:30:39 :567 2022 Terminal 0x500 (A4Z1_N2_R_SAT8_TT1_R1_01) status Up
TTP        Mar 25 06:30:39 :568 2022 Conn 0x4a0 Up
NCCASC     Mar 25 06:30:39 :594 2022 Terminal 0x4c0 (A4Z1_N1_CH_SATH_TT7_R1_17) status Up
NCCASC     Mar 25 06:30:39 :648 2022 Terminal 0x480 (A4Z1_N1_CH_SATH_TT5_R1_15) status Up
TRANSECNCC Mar 25 06:30:40 :129 2022 TRANSEC status: Disabled
TTP        Mar 25 06:30:42 :213 2022 Conn 0x480 Up
TTP        Mar 25 06:30:42 :349 2022 Conn 0x140 Up
TTP        Mar 25 06:30:42 :753 2022 Conn 0x4e0 Up
TTP        Mar 25 06:30:44 :859 2022 Conn 0x420 Up
TTP        Mar 25 06:30:46 :668 2022 Conn 0x4c0 Up
TTP        Mar 25 06:30:48 :423 2022 Conn 0x580 Up
TTP        Mar 25 06:30:48 :936 2022 Conn 0x500 Up
CONOP      Mar 25 06:31:22 :570 2022 root> date
Mar 25 06:31:22 :570 2022
CONOP      Mar 25 06:31:22 :580 2022 root> do nccstartup
Invalid script name nccstartup
CONOP      Mar 25 06:31:22 :590 2022 root> script -v 1
TTP        Mar 25 06:31:23 :065 2022 Conn 0x4c0 Up
TTP        Mar 25 06:31:23 :373 2022 Conn 0x140 Up
TTP        Mar 25 06:31:23 :875 2022 Conn 0x460 Up
NCCASC     Mar 25 06:31:24 :577 2022 Terminal 0x480 (A4Z1_N1_CH_SATH_TT5_R1_15) status Up
CONOP      Mar 25 06:31:24 :580 2022 root> date
Mar 25 06:31:24 :580 2022
CONOP      Mar 25 06:31:24 :590 2022 root> do nccstartup
Invalid script name nccstartup
CONOP      Mar 25 06:31:24 :600 2022 root> script -v 1
NCCASC     Mar 25 06:31:24 :631 2022 Terminal 0x440 (A4Z1_N1_CH_SATH_TT3_R1_13) status Up
TTP        Mar 25 06:31:24 :658 2022 Conn 0x480 Up
NCCASC     Mar 25 06:31:24 :712 2022 Terminal 0x400 (A4Z1_N1_CH_SATH_TT1_R1_11) status Up
NCCASC     Mar 25 06:31:24 :739 2022 Terminal 0x4e0 (A4Z1_N1_CH_SATH_TT8_R1_18) status Up
TRANSECNCC Mar 25 06:31:25 :129 2022 TRANSEC status: Disabled
TTP        Mar 25 06:31:25 :170 2022 Conn 0x4e0 Up
GUISERV    Mar 25 06:31:26 :170 2022 TCP Server socket 3001 opened
SNMPPROXY  Mar 25 06:31:26 :181 2022 Query connection up
TTP        Mar 25 06:31:27 :439 2022 Conn 0x460 Up
TTP        Mar 25 06:31:28 :546 2022 Conn 0x440 Up
TTP        Mar 25 06:31:28 :573 2022 Conn 0x4a0 Up
TTP        Mar 25 06:31:30 :652 2022 Conn 0x400 Up
TTP        Mar 25 06:31:31 :408 2022 Conn 0x420 Up
TTP        Mar 25 06:31:33 :082 2022 Conn 0x580 Up
TTP        Mar 25 06:31:37 :969 2022 Conn 0x500 Up
CONOP      Mar 25 06:32:10 :540 2022 root> date
Mar 25 06:32:10 :540 2022
CONOP      Mar 25 06:32:10 :550 2022 root> do nccstartup
Invalid script name nccstartup
CONOP      Mar 25 06:32:10 :560 2022 root> script -v 1
TTP        Mar 25 06:32:10 :666 2022 Conn 0x4a0 Up
TTP        Mar 25 06:32:11 :557 2022 Conn 0x580 Up
TTP        Mar 25 06:32:11 :962 2022 Conn 0x4c0 Up
GUISERV    Mar 25 06:32:12 :111 2022 TCP Server socket 3001 opened
CONOP      Mar 25 06:32:12 :570 2022 root> date
Mar 25 06:32:12 :570 2022
CONOP      Mar 25 06:32:12 :580 2022 root> do nccstartup
Invalid script name nccstartup
CONOP      Mar 25 06:32:12 :590 2022 root> script -v 1
NCCASC     Mar 25 06:32:12 :718 2022 Terminal 0x4a0 (A4Z1_N1_CH_SATH_TT6_R1_16) status Up
NCCASC     Mar 25 06:32:12 :745 2022 Terminal 0x580 (A4Z2_N8_R_SAT1_TT1_R1_01) status Up
NCCASC     Mar 25 06:32:12 :772 2022 Terminal 0x460 (A4Z1_N1_CH_SATH_TT4_R1_14) status Up
NCCASC     Mar 25 06:32:12 :799 2022 Terminal 0x540 (A4Z2_N3_R_SAT8_TT1_R1_01) status Up
TTP        Mar 25 06:32:12 :826 2022 Conn 0x580 Up
NCCASC     Mar 25 06:32:12 :853 2022 Terminal 0x420 (A4Z1_N1_CH_SATH_TT2_R1_12) status Up
NCCASC     Mar 25 06:32:12 :880 2022 Terminal 0x500 (A4Z1_N2_R_SAT8_TT1_R1_01) status Up
NCCASC     Mar 25 06:32:12 :907 2022 Terminal 0x4c0 (A4Z1_N1_CH_SATH_TT7_R1_17) status Up
NCCASC     Mar 25 06:32:12 :961 2022 Terminal 0x480 (A4Z1_N1_CH_SATH_TT5_R1_15) status Up
NCCASC     Mar 25 06:32:13 :015 2022 Terminal 0x440 (A4Z1_N1_CH_SATH_TT3_R1_13) status Up
NCCASC     Mar 25 06:32:13 :096 2022 Terminal 0x400 (A4Z1_N1_CH_SATH_TT1_R1_11) status Up
NCCASC     Mar 25 06:32:13 :123 2022 Terminal 0x4e0 (A4Z1_N1_CH_SATH_TT8_R1_18) status Up
TTP        Mar 25 06:32:13 :231 2022 Conn 0x4c0 Up
TTP        Mar 25 06:32:13 :285 2022 Conn 0x500 Up
GUISERV    Mar 25 06:32:14 :148 2022 TCP Server socket 3001 opened
SNMPPROXY  Mar 25 06:32:14 :158 2022 Query connection up
TTP        Mar 25 06:32:14 :257 2022 Conn 0x460 Up
TTP        Mar 25 06:32:15 :445 2022 Conn 0x400 Up
TTP        Mar 25 06:32:15 :607 2022 Conn 0x540 Up
TTP        Mar 25 06:32:15 :932 2022 Conn 0x4a0 Up
TTP        Mar 25 06:32:16 :795 2022 Conn 0x480 Up
TTP        Mar 25 06:32:22 :519 2022 Conn 0x420 Up
TRANSECNCC Mar 25 06:32:25 :131 2022 TRANSEC status: Disabled
CONOP      Mar 25 06:32:58 :560 2022 root> date
Mar 25 06:32:58 :560 2022
CONOP      Mar 25 06:32:58 :570 2022 root> do nccstartup
Invalid script name nccstartup
CONOP      Mar 25 06:32:58 :580 2022 root> script -v 1
TTP        Mar 25 06:32:58 :618 2022 Conn 0x500 Up
TTP        Mar 25 06:32:59 :239 2022 Conn 0x480 Up
TTP        Mar 25 06:32:59 :914 2022 Conn 0x420 Up
CONOP      Mar 25 06:33:00 :540 2022 root> date
Mar 25 06:33:00 :540 2022
CONOP      Mar 25 06:33:00 :560 2022 root> do nccstartup
Invalid script name nccstartup
CONOP      Mar 25 06:33:00 :570 2022 root> script -v 1
TTP        Mar 25 06:33:00 :805 2022 Conn 0x440 Up
TTP        Mar 25 06:33:00 :886 2022 Conn 0x500 Up
NCCASC     Mar 25 06:33:01 :102 2022 Terminal 0x4a0 (A4Z1_N1_CH_SATH_TT6_R1_16) status Up
NCCASC     Mar 25 06:33:01 :129 2022 Terminal 0x580 (A4Z2_N8_R_SAT1_TT1_R1_01) status Up
NCCASC     Mar 25 06:33:01 :156 2022 Terminal 0x460 (A4Z1_N1_CH_SATH_TT4_R1_14) status Up
NCCASC     Mar 25 06:33:01 :183 2022 Terminal 0x540 (A4Z2_N3_R_SAT8_TT1_R1_01) status Up
NCCASC     Mar 25 06:33:01 :237 2022 Terminal 0x420 (A4Z1_N1_CH_SATH_TT2_R1_12) status Up
NCCASC     Mar 25 06:33:01 :264 2022 Terminal 0x500 (A4Z1_N2_R_SAT8_TT1_R1_01) status Up
NCCASC     Mar 25 06:33:01 :291 2022 Terminal 0x4c0 (A4Z1_N1_CH_SATH_TT7_R1_17) status Up
NCCASC     Mar 25 06:33:01 :345 2022 Terminal 0x480 (A4Z1_N1_CH_SATH_TT5_R1_15) status Up
NCCASC     Mar 25 06:33:01 :399 2022 Terminal 0x440 (A4Z1_N1_CH_SATH_TT3_R1_13) status Up
NCCASC     Mar 25 06:33:01 :480 2022 Terminal 0x400 (A4Z1_N1_CH_SATH_TT1_R1_11) status Up
NCCASC     Mar 25 06:33:01 :507 2022 Terminal 0x4e0 (A4Z1_N1_CH_SATH_TT8_R1_18) status Up
TTP        Mar 25 06:33:02 :074 2022 Conn 0x460 Up
GUISERV    Mar 25 06:33:02 :124 2022 TCP Server socket 3001 opened
SNMPPROXY  Mar 25 06:33:02 :135 2022 Query connection up
TTP        Mar 25 06:33:02 :641 2022 Conn 0x480 Up
TTP        Mar 25 06:33:03 :316 2022 Conn 0x400 Up
TTP        Mar 25 06:33:06 :394 2022 Conn 0x420 Up
TTP        Mar 25 06:33:08 :311 2022 Conn 0x4e0 Up
TRANSECNCC Mar 25 06:33:10 :131 2022 TRANSEC status: Disabled
TTP        Mar 25 06:33:11 :308 2022 Conn 0x4a0 Up
TTP        Mar 25 06:33:12 :435 2022 Conn 0x140 Up
TTP        Mar 25 06:33:14 :008 2022 Conn 0x540 Up
NCCASC     Mar 25 06:33:46 :435 2022 Terminal 0x4e0 (A4Z1_N1_CH_SATH_TT8_R1_18) status Up
TTP        Mar 25 06:33:46 :435 2022 Conn 0x4c0 Up
CONOP      Mar 25 06:33:46 :440 2022 root> date
Mar 25 06:33:46 :440 2022
CONOP      Mar 25 06:33:46 :450 2022 root> do nccstartup
Invalid script name nccstartup
CONOP      Mar 25 06:33:46 :460 2022 root> script -v 1
TTP        Mar 25 06:33:47 :407 2022 Conn 0x4a0 Up
TTP        Mar 25 06:33:47 :453 2022 Conn 0x140 Up
TTP        Mar 25 06:33:47 :650 2022 Conn 0x400 Up
TTP        Mar 25 06:33:47 :731 2022 Conn 0x4e0 Up
GUISERV    Mar 25 06:33:48 :022 2022 TCP Server socket 3001 opened
CONOP      Mar 25 06:33:48 :470 2022 root> date
Mar 25 06:33:48 :470 2022
CONOP      Mar 25 06:33:48 :480 2022 root> do nccstartup
Invalid script name nccstartup
TTP        Mar 25 06:33:48 :487 2022 Conn 0x500 Up
CONOP      Mar 25 06:33:48 :490 2022 root> script -v 1
TTP        Mar 25 06:33:48 :676 2022 Conn 0x4a0 Up
TTP        Mar 25 06:33:48 :919 2022 Conn 0x400 Up
TTP        Mar 25 06:33:49 :000 2022 Conn 0x4e0 Up
TTP        Mar 25 06:33:49 :243 2022 Conn 0x480 Up
NCCASC     Mar 25 06:33:49 :486 2022 Terminal 0x4a0 (A4Z1_N1_CH_SATH_TT6_R1_16) status Up
NCCASC     Mar 25 06:33:49 :513 2022 Terminal 0x580 (A4Z2_N8_R_SAT1_TT1_R1_01) status Up
NCCASC     Mar 25 06:33:49 :540 2022 Terminal 0x460 (A4Z1_N1_CH_SATH_TT4_R1_14) status Up
NCCASC     Mar 25 06:33:49 :567 2022 Terminal 0x540 (A4Z2_N3_R_SAT8_TT1_R1_01) status Up
NCCASC     Mar 25 06:33:49 :621 2022 Terminal 0x420 (A4Z1_N1_CH_SATH_TT2_R1_12) status Up
NCCASC     Mar 25 06:33:49 :648 2022 Terminal 0x500 (A4Z1_N2_R_SAT8_TT1_R1_01) status Up
NCCASC     Mar 25 06:33:49 :675 2022 Terminal 0x4c0 (A4Z1_N1_CH_SATH_TT7_R1_17) status Up
NCCASC     Mar 25 06:33:49 :729 2022 Terminal 0x480 (A4Z1_N1_CH_SATH_TT5_R1_15) status Up
NCCASC     Mar 25 06:33:49 :783 2022 Terminal 0x440 (A4Z1_N1_CH_SATH_TT3_R1_13) status Up
TTP        Mar 25 06:33:49 :810 2022 Conn 0x440 Up
NCCASC     Mar 25 06:33:49 :864 2022 Terminal 0x400 (A4Z1_N1_CH_SATH_TT1_R1_11) status Up
NCCASC     Mar 25 06:33:49 :891 2022 Terminal 0x4e0 (A4Z1_N1_CH_SATH_TT8_R1_18) status Up
GUISERV    Mar 25 06:33:50 :057 2022 TCP Server socket 3001 opened
TTP        Mar 25 06:33:50 :701 2022 Conn 0x540 Up
TRANSECNCC Mar 25 06:33:55 :131 2022 TRANSEC status: Disabled
TTP        Mar 25 06:33:57 :019 2022 Conn 0x4c0 Up
TTP        Mar 25 06:33:59 :287 2022 Conn 0x460 Up
CONOP      Mar 25 06:34:34 :510 2022 root> date
Mar 25 06:34:34 :510 2022
CONOP      Mar 25 06:34:34 :520 2022 root> do nccstartup
Invalid script name nccstartup
CONOP      Mar 25 06:34:34 :530 2022 root> script -v 1
NCCASC     Mar 25 06:34:34 :549 2022 Terminal 0x420 (A4Z1_N1_CH_SATH_TT2_R1_12) status Up
NCCASC     Mar 25 06:34:34 :576 2022 Terminal 0x500 (A4Z1_N2_R_SAT8_TT1_R1_01) status Up
NCCASC     Mar 25 06:34:34 :603 2022 Terminal 0x4c0 (A4Z1_N1_CH_SATH_TT7_R1_17) status Up
TTP        Mar 25 06:34:34 :630 2022 Conn 0x460 Up
NCCASC     Mar 25 06:34:34 :657 2022 Terminal 0x480 (A4Z1_N1_CH_SATH_TT5_R1_15) status Up
NCCASC     Mar 25 06:34:34 :712 2022 Terminal 0x440 (A4Z1_N1_CH_SATH_TT3_R1_13) status Up
NCCASC     Mar 25 06:34:34 :793 2022 Terminal 0x400 (A4Z1_N1_CH_SATH_TT1_R1_11) status Up
NCCASC     Mar 25 06:34:34 :819 2022 Terminal 0x4e0 (A4Z1_N1_CH_SATH_TT8_R1_18) status Up
TTP        Mar 25 06:34:35 :711 2022 Conn 0x4a0 Up
GUISERV    Mar 25 06:34:36 :099 2022 TCP Server socket 3001 opened
CONOP      Mar 25 06:34:36 :550 2022 root> date
Mar 25 06:34:36 :550 2022
CONOP      Mar 25 06:34:36 :560 2022 root> do nccstartup
Invalid script name nccstartup
CONOP      Mar 25 06:34:36 :570 2022 root> script -v 1
TTP        Mar 25 06:34:36 :818 2022 Conn 0x500 Up
TTP        Mar 25 06:34:36 :898 2022 Conn 0x460 Up
NCCASC     Mar 25 06:34:37 :871 2022 Terminal 0x4a0 (A4Z1_N1_CH_SATH_TT6_R1_16) status Up
NCCASC     Mar 25 06:34:37 :898 2022 Terminal 0x580 (A4Z2_N8_R_SAT1_TT1_R1_01) status Up
NCCASC     Mar 25 06:34:37 :924 2022 Terminal 0x460 (A4Z1_N1_CH_SATH_TT4_R1_14) status Up
NCCASC     Mar 25 06:34:37 :952 2022 Terminal 0x540 (A4Z2_N3_R_SAT8_TT1_R1_01) status Up
NCCASC     Mar 25 06:34:38 :006 2022 Terminal 0x420 (A4Z1_N1_CH_SATH_TT2_R1_12) status Up
NCCASC     Mar 25 06:34:38 :033 2022 Terminal 0x500 (A4Z1_N2_R_SAT8_TT1_R1_01) status Up
NCCASC     Mar 25 06:34:38 :060 2022 Terminal 0x4c0 (A4Z1_N1_CH_SATH_TT7_R1_17) status Up
TTP        Mar 25 06:34:38 :087 2022 Conn 0x4a0 Up
NCCASC     Mar 25 06:34:38 :114 2022 Terminal 0x480 (A4Z1_N1_CH_SATH_TT5_R1_15) status Up
GUISERV    Mar 25 06:34:38 :126 2022 TCP Server socket 3001 opened
SNMPPROXY  Mar 25 06:34:38 :137 2022 Query connection up
NCCASC     Mar 25 06:34:38 :168 2022 Terminal 0x440 (A4Z1_N1_CH_SATH_TT3_R1_13) status Up
NCCASC     Mar 25 06:34:38 :249 2022 Terminal 0x400 (A4Z1_N1_CH_SATH_TT1_R1_11) status Up
NCCASC     Mar 25 06:34:38 :276 2022 Terminal 0x4e0 (A4Z1_N1_CH_SATH_TT8_R1_18) status Up
TTP        Mar 25 06:34:38 :708 2022 Conn 0x480 Up
TTP        Mar 25 06:34:38 :762 2022 Conn 0x4c0 Up
TRANSECNCC Mar 25 06:34:40 :133 2022 TRANSEC status: Disabled
TTP        Mar 25 06:34:42 :515 2022 Conn 0x420 Up
TTP        Mar 25 06:34:45 :620 2022 Conn 0x440 Up
TTP        Mar 25 06:34:45 :674 2022 Conn 0x540 Up
CONOP      Mar 25 06:35:22 :450 2022 root> date
Mar 25 06:35:22 :450 2022
CONOP      Mar 25 06:35:22 :460 2022 root> do nccstartup
Invalid script name nccstartup
CONOP      Mar 25 06:35:22 :470 2022 root> script -v 1
NCCASC     Mar 25 06:35:22 :799 2022 Terminal 0x4a0 (A4Z1_N1_CH_SATH_TT6_R1_16) status Up
NCCASC     Mar 25 06:35:22 :826 2022 Terminal 0x580 (A4Z2_N8_R_SAT1_TT1_R1_01) status Up
NCCASC     Mar 25 06:35:22 :853 2022 Terminal 0x460 (A4Z1_N1_CH_SATH_TT4_R1_14) status Up
NCCASC     Mar 25 06:35:22 :880 2022 Terminal 0x540 (A4Z2_N3_R_SAT8_TT1_R1_01) status Up
NCCASC     Mar 25 06:35:22 :934 2022 Terminal 0x420 (A4Z1_N1_CH_SATH_TT2_R1_12) status Up
NCCASC     Mar 25 06:35:22 :961 2022 Terminal 0x500 (A4Z1_N2_R_SAT8_TT1_R1_01) status Up
NCCASC     Mar 25 06:35:22 :988 2022 Terminal 0x4c0 (A4Z1_N1_CH_SATH_TT7_R1_17) status Up
NCCASC     Mar 25 06:35:23 :042 2022 Terminal 0x480 (A4Z1_N1_CH_SATH_TT5_R1_15) status Up
NCCASC     Mar 25 06:35:23 :096 2022 Terminal 0x440 (A4Z1_N1_CH_SATH_TT3_R1_13) status Up
NCCASC     Mar 25 06:35:23 :177 2022 Terminal 0x400 (A4Z1_N1_CH_SATH_TT1_R1_11) status Up
NCCASC     Mar 25 06:35:23 :204 2022 Terminal 0x4e0 (A4Z1_N1_CH_SATH_TT8_R1_18) status Up
TTP        Mar 25 06:35:23 :231 2022 Conn 0x4c0 Up
GUISERV    Mar 25 06:35:24 :037 2022 TCP Server socket 3001 opened
CONOP      Mar 25 06:35:24 :500 2022 root> date
Mar 25 06:35:24 :500 2022
TTP        Mar 25 06:35:24 :500 2022 Conn 0x4c0 Up
CONOP      Mar 25 06:35:24 :510 2022 root> do nccstartup
Invalid script name nccstartup
CONOP      Mar 25 06:35:24 :520 2022 root> script -v 1
TTP        Mar 25 06:35:24 :986 2022 Conn 0x420 Up
TRANSECNCC Mar 25 06:35:25 :134 2022 TRANSEC status: Disabled
TTP        Mar 25 06:35:25 :148 2022 Conn 0x580 Up
TTP        Mar 25 06:35:25 :499 2022 Conn 0x460 Up
TTP        Mar 25 06:35:25 :661 2022 Conn 0x540 Up
TTP        Mar 25 06:35:25 :769 2022 Conn 0x440 Up
GUISERV    Mar 25 06:35:26 :069 2022 TCP Server socket 3001 opened
SNMPPROXY  Mar 25 06:35:26 :079 2022 Query connection up
NCCASC     Mar 25 06:35:26 :255 2022 Terminal 0x4a0 (A4Z1_N1_CH_SATH_TT6_R1_16) status Up
NCCASC     Mar 25 06:35:26 :282 2022 Terminal 0x580 (A4Z2_N8_R_SAT1_TT1_R1_01) status Up
NCCASC     Mar 25 06:35:26 :309 2022 Terminal 0x460 (A4Z1_N1_CH_SATH_TT4_R1_14) status Up
NCCASC     Mar 25 06:35:26 :336 2022 Terminal 0x540 (A4Z2_N3_R_SAT8_TT1_R1_01) status Up
NCCASC     Mar 25 06:35:26 :390 2022 Terminal 0x420 (A4Z1_N1_CH_SATH_TT2_R1_12) status Up
NCCASC     Mar 25 06:35:26 :417 2022 Terminal 0x500 (A4Z1_N2_R_SAT8_TT1_R1_01) status Up
NCCASC     Mar 25 06:35:26 :444 2022 Terminal 0x4c0 (A4Z1_N1_CH_SATH_TT7_R1_17) status Up
NCCASC     Mar 25 06:35:26 :498 2022 Terminal 0x480 (A4Z1_N1_CH_SATH_TT5_R1_15) status Up
NCCASC     Mar 25 06:35:26 :552 2022 Terminal 0x440 (A4Z1_N1_CH_SATH_TT3_R1_13) status Up
NCCASC     Mar 25 06:35:26 :633 2022 Terminal 0x400 (A4Z1_N1_CH_SATH_TT1_R1_11) status Up
NCCASC     Mar 25 06:35:26 :660 2022 Terminal 0x4e0 (A4Z1_N1_CH_SATH_TT8_R1_18) status Up
TTP        Mar 25 06:35:26 :957 2022 Conn 0x480 Up
TTP        Mar 25 06:35:27 :510 2022 Conn 0x140 Up
TTP        Mar 25 06:35:28 :820 2022 Conn 0x500 Up
TTP        Mar 25 06:35:30 :602 2022 Conn 0x4a0 Up
CONOP      Mar 25 06:36:10 :330 2022 root> date
Mar 25 06:36:10 :330 2022
CONOP      Mar 25 06:36:10 :350 2022 root> do nccstartup
Invalid script name nccstartup
CONOP      Mar 25 06:36:10 :360 2022 root> script -v 1
NCCASC     Mar 25 06:36:11 :183 2022 Terminal 0x4a0 (A4Z1_N1_CH_SATH_TT6_R1_16) status Up
NCCASC     Mar 25 06:36:11 :210 2022 Terminal 0x580 (A4Z2_N8_R_SAT1_TT1_R1_01) status Up
NCCASC     Mar 25 06:36:11 :237 2022 Terminal 0x460 (A4Z1_N1_CH_SATH_TT4_R1_14) status Up
TTP        Mar 25 06:36:11 :237 2022 Conn 0x500 Up
NCCASC     Mar 25 06:36:11 :264 2022 Terminal 0x540 (A4Z2_N3_R_SAT8_TT1_R1_01) status Up
NCCASC     Mar 25 06:36:11 :318 2022 Terminal 0x420 (A4Z1_N1_CH_SATH_TT2_R1_12) status Up
NCCASC     Mar 25 06:36:11 :345 2022 Terminal 0x500 (A4Z1_N2_R_SAT8_TT1_R1_01) status Up
NCCASC     Mar 25 06:36:11 :372 2022 Terminal 0x4c0 (A4Z1_N1_CH_SATH_TT7_R1_17) status Up
NCCASC     Mar 25 06:36:11 :426 2022 Terminal 0x480 (A4Z1_N1_CH_SATH_TT5_R1_15) status Up
NCCASC     Mar 25 06:36:11 :480 2022 Terminal 0x440 (A4Z1_N1_CH_SATH_TT3_R1_13) status Up
TTP        Mar 25 06:36:11 :540 2022 Conn 0x140 Up
NCCASC     Mar 25 06:36:11 :561 2022 Terminal 0x400 (A4Z1_N1_CH_SATH_TT1_R1_11) status Up
NCCASC     Mar 25 06:36:11 :588 2022 Terminal 0x4e0 (A4Z1_N1_CH_SATH_TT8_R1_18) status Up
GUISERV    Mar 25 06:36:11 :911 2022 TCP Server socket 3001 opened
CONOP      Mar 25 06:36:12 :360 2022 root> date
Mar 25 06:36:12 :360 2022
CONOP      Mar 25 06:36:12 :370 2022 root> do nccstartup
Invalid script name nccstartup
CONOP      Mar 25 06:36:12 :380 2022 root> script -v 1
TTP        Mar 25 06:36:12 :398 2022 Conn 0x440 Up
TTP        Mar 25 06:36:12 :506 2022 Conn 0x500 Up
TTP        Mar 25 06:36:12 :542 2022 Conn 0x140 Up
TTP        Mar 25 06:36:13 :586 2022 Conn 0x480 Up
TTP        Mar 25 06:36:13 :640 2022 Conn 0x400 Up
GUISERV    Mar 25 06:36:13 :943 2022 TCP Server socket 3001 opened
SNMPPROXY  Mar 25 06:36:13 :954 2022 Query connection up
NCCASC     Mar 25 06:36:14 :639 2022 Terminal 0x4a0 (A4Z1_N1_CH_SATH_TT6_R1_16) status Up
NCCASC     Mar 25 06:36:14 :666 2022 Terminal 0x580 (A4Z2_N8_R_SAT1_TT1_R1_01) status Up
NCCASC     Mar 25 06:36:14 :693 2022 Terminal 0x460 (A4Z1_N1_CH_SATH_TT4_R1_14) status Up
NCCASC     Mar 25 06:36:14 :720 2022 Terminal 0x540 (A4Z2_N3_R_SAT8_TT1_R1_01) status Up
NCCASC     Mar 25 06:36:14 :774 2022 Terminal 0x420 (A4Z1_N1_CH_SATH_TT2_R1_12) status Up
NCCASC     Mar 25 06:36:14 :801 2022 Terminal 0x500 (A4Z1_N2_R_SAT8_TT1_R1_01) status Up
NCCASC     Mar 25 06:36:14 :828 2022 Terminal 0x4c0 (A4Z1_N1_CH_SATH_TT7_R1_17) status Up
NCCASC     Mar 25 06:36:14 :882 2022 Terminal 0x480 (A4Z1_N1_CH_SATH_TT5_R1_15) status Up
NCCASC     Mar 25 06:36:14 :936 2022 Terminal 0x440 (A4Z1_N1_CH_SATH_TT3_R1_13) status Up
NCCASC     Mar 25 06:36:15 :017 2022 Terminal 0x400 (A4Z1_N1_CH_SATH_TT1_R1_11) status Up
NCCASC     Mar 25 06:36:15 :044 2022 Terminal 0x4e0 (A4Z1_N1_CH_SATH_TT8_R1_18) status Up
TTP        Mar 25 06:36:15 :260 2022 Conn 0x4a0 Up
TTP        Mar 25 06:36:16 :529 2022 Conn 0x4e0 Up
TTP        Mar 25 06:36:16 :583 2022 Conn 0x460 Up
TTP        Mar 25 06:36:16 :610 2022 Conn 0x420 Up
TTP        Mar 25 06:36:18 :635 2022 Conn 0x4c0 Up
TTP        Mar 25 06:36:24 :467 2022 Conn 0x540 Up
TRANSECNCC Mar 25 06:36:25 :135 2022 TRANSEC status: Disabled
CONOP      Mar 25 06:36:37 :200 2022 root> date
Mar 25 06:36:37 :200 2022
CONOP      Mar 25 06:36:37 :220 2022 root> do nccstartup
Invalid script name nccstartup
CONOP      Mar 25 06:36:37 :230 2022 root> script -v 1
TTP        Mar 25 06:36:37 :751 2022 Conn 0x440 Up
TTP        Mar 25 06:36:38 :561 2022 Conn 0x500 Up
TTP        Mar 25 06:36:38 :642 2022 Conn 0x480 Up
GUISERV    Mar 25 06:36:38 :771 2022 TCP Server socket 3001 opened
NCCASC     Mar 25 06:36:39 :236 2022 Terminal 0x4e0 (A4Z1_N1_CH_SATH_TT8_R1_18) status Up
CONOP      Mar 25 06:36:39 :240 2022 root> date
Mar 25 06:36:39 :240 2022
CONOP      Mar 25 06:36:39 :250 2022 root> do nccstartup
Invalid script name nccstartup
CONOP      Mar 25 06:36:39 :260 2022 root> script -v 1
TTP        Mar 25 06:36:39 :803 2022 Conn 0x540 Up
TTP        Mar 25 06:36:39 :911 2022 Conn 0x460 Up
TTP        Mar 25 06:36:39 :938 2022 Conn 0x500 Up
TTP        Mar 25 06:36:39 :965 2022 Conn 0x480 Up
TTP        Mar 25 06:36:40 :019 2022 Conn 0x4c0 Up
TRANSECNCC Mar 25 06:36:40 :134 2022 TRANSEC status: Disabled
GUISERV    Mar 25 06:36:40 :817 2022 TCP Server socket 3001 opened
SNMPPROXY  Mar 25 06:36:40 :828 2022 Query connection up
TTP        Mar 25 06:36:41 :423 2022 Conn 0x440 Up
TTP        Mar 25 06:36:43 :259 2022 Conn 0x580 Up
TTP        Mar 25 06:36:43 :558 2022 Conn 0x140 Up
TTP        Mar 25 06:36:46 :985 2022 Conn 0x400 Up
TTP        Mar 25 06:36:47 :876 2022 Conn 0x4a0 Up
TTP        Mar 25 06:36:49 :064 2022 Conn 0x4e0 Up
NCCASC     Mar 25 06:36:54 :954 2022 Terminal 0x120 (A4Z1_N1_CH_SATH_MRT_R1_04) now the MRT
TTP        Mar 25 06:37:40 :343 2022 Giveup timer expired; conn 0x420
TTP        Mar 25 06:37:40 :343 2022 Conn 0x420 Down
TTP        Mar 25 06:37:43 :083 2022 Giveup timer expired; conn 0x4c0
TTP        Mar 25 06:37:43 :083 2022 Conn 0x4c0 Down
TTP        Mar 25 06:37:44 :786 2022 Giveup timer expired; conn 0x140
TTP        Mar 25 06:37:44 :786 2022 Conn 0x140 Down
TTP        Mar 25 06:37:45 :065 2022 Giveup timer expired; conn 0x580
TTP        Mar 25 06:37:45 :066 2022 Conn 0x580 Down
TTP        Mar 25 06:37:45 :220 2022 Giveup timer expired; conn 0x480
TTP        Mar 25 06:37:45 :221 2022 Conn 0x480 Down
TTP        Mar 25 06:37:46 :234 2022 Giveup timer expired; conn 0x460
TTP        Mar 25 06:37:46 :234 2022 Conn 0x460 Down
TTP        Mar 25 06:37:46 :751 2022 Giveup timer expired; conn 0x440
TTP        Mar 25 06:37:46 :751 2022 Conn 0x440 Down
TTP        Mar 25 06:37:49 :377 2022 Giveup timer expired; conn 0x400
TTP        Mar 25 06:37:49 :377 2022 Conn 0x400 Down
TTP        Mar 25 06:37:50 :220 2022 Giveup timer expired; conn 0x4a0
TTP        Mar 25 06:37:50 :220 2022 Conn 0x4a0 Down
TTP        Mar 25 06:37:50 :334 2022 Giveup timer expired; conn 0x4e0
TTP        Mar 25 06:37:50 :334 2022 Conn 0x4e0 Down
TTP        Mar 25 06:37:52 :315 2022 Giveup timer expired; conn 0x500
TTP        Mar 25 06:37:52 :315 2022 Conn 0x500 Down
TTP        Mar 25 06:37:53 :509 2022 Giveup timer expired; conn 0x540
TTP        Mar 25 06:37:53 :509 2022 Conn 0x540 Down
NCCASC     Mar 25 06:38:03 :657 2022 Terminal 0x4a0 (A4Z1_N1_CH_SATH_TT6_R1_16) status Down
	(Reason: N/A)
NCCASC     Mar 25 06:38:03 :688 2022 Terminal 0x580 (A4Z2_N8_R_SAT1_TT1_R1_01) status Down
	(Reason: N/A)
NCCASC     Mar 25 06:38:03 :709 2022 Terminal 0x460 (A4Z1_N1_CH_SATH_TT4_R1_14) status Down
	(Reason: N/A)
NCCASC     Mar 25 06:38:03 :730 2022 Terminal 0x540 (A4Z2_N3_R_SAT8_TT1_R1_01) status Down
	(Reason: N/A)
NCCASC     Mar 25 06:38:03 :792 2022 Terminal 0x420 (A4Z1_N1_CH_SATH_TT2_R1_12) status Down
	(Reason: N/A)
NCCASC     Mar 25 06:38:03 :812 2022 Terminal 0x500 (A4Z1_N2_R_SAT8_TT1_R1_01) status Down
	(Reason: N/A)
NCCASC     Mar 25 06:38:03 :844 2022 Terminal 0x4c0 (A4Z1_N1_CH_SATH_TT7_R1_17) status Down
	(Reason: N/A)
NCCASC     Mar 25 06:38:03 :895 2022 Terminal 0x480 (A4Z1_N1_CH_SATH_TT5_R1_15) status Down
	(Reason: N/A)
NCCASC     Mar 25 06:38:03 :957 2022 Terminal 0x440 (A4Z1_N1_CH_SATH_TT3_R1_13) status Down
	(Reason: N/A)
NCCASC     Mar 25 06:38:04 :039 2022 Terminal 0x400 (A4Z1_N1_CH_SATH_TT1_R1_11) status Down
	(Reason: N/A)
NCCASC     Mar 25 06:38:04 :060 2022 Terminal 0x4e0 (A4Z1_N1_CH_SATH_TT8_R1_18) status Down
	(Reason: N/A)
NCCASC     Mar 25 06:38:05 :957 2022 Terminal 0x140 (A4Z1_N1_CH_SATH_ART_R1_05) status Down
	(Reason: N/A)
CONOP      Mar 25 06:41:05 :430 2022 root> date
Mar 25 06:41:05 :430 2022
CONOP      Mar 25 06:41:05 :440 2022 root> do nccstartup
Invalid script name nccstartup
CONOP      Mar 25 06:41:05 :450 2022 root> script -v 1
CONOP      Mar 25 06:41:07 :430 2022 root> date
Mar 25 06:41:07 :430 2022
CONOP      Mar 25 06:41:07 :440 2022 root> do nccstartup
Invalid script name nccstartup
CONOP      Mar 25 06:41:07 :450 2022 root> script -v 1
GUISERV    Mar 25 06:41:09 :006 2022 TCP Server socket 3001 opened
SNMPPROXY  Mar 25 06:41:09 :017 2022 Query connection up
NCCASC     Mar 25 06:41:11 :001 2022 Terminal 0x140 (A4Z1_N1_CH_SATH_ART_R1_05) now the MRT
NCCASC     Mar 25 06:41:39 :113 2022 Terminal 0x140 (A4Z1_N1_CH_SATH_ART_R1_05) status Waiting for RxSync
TRANSECNCC Mar 25 06:41:39 :114 2022 TRANSEC status: Disabled
TTP        Mar 25 06:41:43 :123 2022 Conn 0x140 Up
NCCASC     Mar 25 06:41:45 :116 2022 Terminal 0x140 (A4Z1_N1_CH_SATH_ART_R1_05) status Up
NCCASC     Mar 25 06:42:17 :032 2022 Terminal 0x440 (A4Z1_N1_CH_SATH_TT3_R1_13) status Up
TTP        Mar 25 06:42:17 :221 2022 Conn 0x440 Up
NCCASC     Mar 25 06:42:24 :835 2022 Terminal 0x400 (A4Z1_N1_CH_SATH_TT1_R1_11) status Up
TTP        Mar 25 06:42:25 :051 2022 Conn 0x400 Up
NCCASC     Mar 25 06:42:26 :644 2022 Terminal 0x4e0 (A4Z1_N1_CH_SATH_TT8_R1_18) status Up
TTP        Mar 25 06:42:26 :833 2022 Conn 0x4e0 Up
NCCASC     Mar 25 06:42:28 :507 2022 Terminal 0x4a0 (A4Z1_N1_CH_SATH_TT6_R1_16) status Up
TTP        Mar 25 06:42:28 :723 2022 Conn 0x4a0 Up
NCCASC     Mar 25 06:42:30 :343 2022 Terminal 0x580 (A4Z2_N8_R_SAT1_TT1_R1_01) status Up
TTP        Mar 25 06:42:30 :559 2022 Conn 0x580 Up
NCCASC     Mar 25 06:42:32 :179 2022 Terminal 0x460 (A4Z1_N1_CH_SATH_TT4_R1_14) status Up
TTP        Mar 25 06:42:32 :368 2022 Conn 0x460 Up
NCCASC     Mar 25 06:42:34 :069 2022 Terminal 0x540 (A4Z2_N3_R_SAT8_TT1_R1_01) status Up
TTP        Mar 25 06:42:34 :258 2022 Conn 0x540 Up
NCCASC     Mar 25 06:42:35 :959 2022 Terminal 0x420 (A4Z1_N1_CH_SATH_TT2_R1_12) status Up
TTP        Mar 25 06:42:36 :148 2022 Conn 0x420 Up
NCCASC     Mar 25 06:42:37 :768 2022 Terminal 0x500 (A4Z1_N2_R_SAT8_TT1_R1_01) status Up
TTP        Mar 25 06:42:37 :957 2022 Conn 0x500 Up
NCCASC     Mar 25 06:42:39 :631 2022 Terminal 0x4c0 (A4Z1_N1_CH_SATH_TT7_R1_17) status Up
TTP        Mar 25 06:42:39 :847 2022 Conn 0x4c0 Up
NCCASC     Mar 25 06:42:44 :491 2022 Terminal 0x480 (A4Z1_N1_CH_SATH_TT5_R1_15) status Up
TTP        Mar 25 06:42:44 :680 2022 Conn 0x480 Up
CONOP      Mar 25 07:46:52 :860 2022 root> date
Mar 25 07:46:52 :860 2022
CONOP      Mar 25 07:46:52 :870 2022 root> do nccstartup
Invalid script name nccstartup
CONOP      Mar 25 07:46:52 :880 2022 root> script -v 1
NCCASC     Mar 25 07:46:53 :135 2022 Terminal 0x140 (A4Z1_N1_CH_SATH_ART_R1_05) status Up
TTP        Mar 25 07:46:53 :189 2022 Conn 0x4c0 Up
TTP        Mar 25 07:46:53 :405 2022 Conn 0x440 Up
NCCASC     Mar 25 07:46:53 :892 2022 Terminal 0x4a0 (A4Z1_N1_CH_SATH_TT6_R1_16) status Up
NCCASC     Mar 25 07:46:53 :918 2022 Terminal 0x580 (A4Z2_N8_R_SAT1_TT1_R1_01) status Up
NCCASC     Mar 25 07:46:53 :945 2022 Terminal 0x460 (A4Z1_N1_CH_SATH_TT4_R1_14) status Up
NCCASC     Mar 25 07:46:53 :972 2022 Terminal 0x540 (A4Z2_N3_R_SAT8_TT1_R1_01) status Up
NCCASC     Mar 25 07:46:54 :026 2022 Terminal 0x420 (A4Z1_N1_CH_SATH_TT2_R1_12) status Up
NCCASC     Mar 25 07:46:54 :053 2022 Terminal 0x500 (A4Z1_N2_R_SAT8_TT1_R1_01) status Up
NCCASC     Mar 25 07:46:54 :080 2022 Terminal 0x4c0 (A4Z1_N1_CH_SATH_TT7_R1_17) status Up
NCCASC     Mar 25 07:46:54 :134 2022 Terminal 0x480 (A4Z1_N1_CH_SATH_TT5_R1_15) status Up
NCCASC     Mar 25 07:46:54 :188 2022 Terminal 0x440 (A4Z1_N1_CH_SATH_TT3_R1_13) status Up
NCCASC     Mar 25 07:46:54 :269 2022 Terminal 0x400 (A4Z1_N1_CH_SATH_TT1_R1_11) status Up
NCCASC     Mar 25 07:46:54 :296 2022 Terminal 0x4e0 (A4Z1_N1_CH_SATH_TT8_R1_18) status Up
CONOP      Mar 25 07:46:54 :880 2022 root> date
Mar 25 07:46:54 :880 2022
CONOP      Mar 25 07:46:54 :890 2022 root> do nccstartup
Invalid script name nccstartup
CONOP      Mar 25 07:46:54 :900 2022 root> script -v 1
CONOP      Mar 25 07:47:02 :420 2022 root> date
Mar 25 07:47:02 :420 2022
CONOP      Mar 25 07:47:02 :430 2022 root> do nccstartup
Invalid script name nccstartup
CONOP      Mar 25 07:47:02 :440 2022 root> script -v 1
TTP        Mar 25 07:47:02 :477 2022 Conn 0x4c0 Up
NCCASC     Mar 25 07:47:02 :640 2022 Terminal 0x140 (A4Z1_N1_CH_SATH_ART_R1_05) status Up
TTP        Mar 25 07:47:02 :738 2022 Conn 0x120 Up
TTP        Mar 25 07:47:02 :991 2022 Conn 0x580 Up
CONOP      Mar 25 07:47:04 :440 2022 root> date
Mar 25 07:47:04 :440 2022
NCCASC     Mar 25 07:47:04 :448 2022 Terminal 0x4c0 (A4Z1_N1_CH_SATH_TT7_R1_17) status Up
TTP        Mar 25 07:47:04 :448 2022 Conn 0x580 Up
CONOP      Mar 25 07:47:04 :450 2022 root> do nccstartup
Invalid script name nccstartup
CONOP      Mar 25 07:47:04 :460 2022 root> script -v 1
NCCASC     Mar 25 07:47:04 :502 2022 Terminal 0x480 (A4Z1_N1_CH_SATH_TT5_R1_15) status Up
TTP        Mar 25 07:47:04 :530 2022 Conn 0x4c0 Up
NCCASC     Mar 25 07:47:04 :556 2022 Terminal 0x440 (A4Z1_N1_CH_SATH_TT3_R1_13) status Up
NCCASC     Mar 25 07:47:04 :638 2022 Terminal 0x400 (A4Z1_N1_CH_SATH_TT1_R1_11) status Up
NCCASC     Mar 25 07:47:04 :665 2022 Terminal 0x4e0 (A4Z1_N1_CH_SATH_TT8_R1_18) status Up
TTP        Mar 25 07:47:05 :528 2022 Conn 0x400 Up
GUISERV    Mar 25 07:47:06 :017 2022 TCP Server socket 3001 opened
SNMPPROXY  Mar 25 07:47:06 :027 2022 Query connection up
TRANSECNCC Mar 25 07:47:06 :533 2022 TRANSEC status: Disabled
TTP        Mar 25 07:47:07 :067 2022 Conn 0x540 Up
TTP        Mar 25 07:47:07 :554 2022 Conn 0x4a0 Up
TTP        Mar 25 07:47:11 :333 2022 Conn 0x140 Up
TTP        Mar 25 07:47:12 :630 2022 Conn 0x500 Up
TTP        Mar 25 07:47:13 :358 2022 Conn 0x440 Up
TTP        Mar 25 07:47:14 :411 2022 Conn 0x420 Up
TTP        Mar 25 07:47:18 :056 2022 Conn 0x460 Up
TTP        Mar 25 07:47:33 :758 2022 Conn 0x120 Up
NCCASC     Mar 25 07:52:56 :087 2022 Terminal 0x120 (A4Z1_N1_CH_SATH_MRT_R1_04) status Down
	(Reason: N/A)
NCCASC     Mar 25 07:52:56 :087 2022 Terminal 0x140 (A4Z1_N1_CH_SATH_ART_R1_05) now the MRT
TTP        Mar 25 07:53:17 :529 2022 Giveup timer expired; conn 0x120
TTP        Mar 25 07:53:17 :529 2022 Conn 0x120 Down
