NCCASC     Jan 05 09:29:05 :478 2023 Terminal 0x120 (A4Z1_N1_CH_SATH_MRT_R1_04) now the MRT
NCCASC     Jan 05 09:29:35 :605 2023 Terminal 0x120 (A4Z1_N1_CH_SATH_MRT_R1_04) status Waiting for RxSync
GUISERV    Jan 05 09:29:39 :196 2023 Incoming conn - socket 18 from 127.0.0.1
TTP        Jan 05 09:29:40 :166 2023 Conn 0x120 Up
NCCASC     Jan 05 09:29:41 :609 2023 Terminal 0x120 (A4Z1_N1_CH_SATH_MRT_R1_04) status Up
NCCASC     Jan 05 09:30:44 :291 2023 Terminal 0x560 (A4Z2_N3_R_SAT8_TT2_R1_02) status Up
TTP        Jan 05 09:30:44 :939 2023 Conn 0x560 Up
NCCASC     Jan 05 09:30:46 :694 2023 Terminal 0x460 (A4Z1_N1_CH_SATH_TT4_R1_14) status Up
TTP        Jan 05 09:30:47 :342 2023 Conn 0x460 Up
NCCASC     Jan 05 09:30:48 :989 2023 Terminal 0x4a0 (A4Z1_N1_CH_SATH_TT6_R1_16) status Up
TTP        Jan 05 09:30:50 :123 2023 Conn 0x4a0 Up
NCCASC     Jan 05 09:30:51 :905 2023 Terminal 0x540 (A4Z2_N3_R_SAT8_TT1_R1_01) status Up
NCCASC     Jan 05 09:30:57 :278 2023 Terminal 0x4c0 (A4Z1_N1_CH_SATH_TT7_R1_17) status Up
TTP        Jan 05 09:30:57 :926 2023 Conn 0x4c0 Up
NCCASC     Jan 05 09:30:59 :735 2023 Terminal 0x480 (A4Z1_N1_CH_SATH_TT5_R1_15) status Up
TTP        Jan 05 09:31:00 :383 2023 Conn 0x480 Up
NCCASC     Jan 05 09:31:02 :111 2023 Terminal 0x440 (A4Z1_N1_CH_SATH_TT3_R1_13) status Up
TTP        Jan 05 09:31:02 :786 2023 Conn 0x440 Up
NCCASC     Jan 05 09:31:17 :879 2023 Terminal 0x140 (A4Z1_N1_CH_SATH_ART_R1_05) status Up
TTP        Jan 05 09:31:18 :203 2023 Conn 0x140 Up
NCCASC     Jan 05 09:31:23 :279 2023 Terminal 0x420 (A4Z1_N1_CH_SATH_TT2_R1_12) status Up
TTP        Jan 05 09:31:23 :927 2023 Conn 0x420 Up
NCCASC     Jan 05 09:31:25 :736 2023 Terminal 0x400 (A4Z1_N1_CH_SATH_TT1_R1_11) status Up
TTP        Jan 05 09:31:26 :411 2023 Conn 0x400 Up
NCCASC     Jan 05 09:32:02 :902 2023 Terminal 0x540 (A4Z2_N3_R_SAT8_TT1_R1_01) status Down
	(Reason: N/A)
NCCASC     Jan 05 09:32:55 :511 2023 Terminal 0x540 (A4Z2_N3_R_SAT8_TT1_R1_01) status Up
TTP        Jan 05 09:32:56 :159 2023 Conn 0x540 Up
NCCASC     Jan 05 09:33:21 :971 2023 Terminal 0x4e0 (A4Z1_N1_CH_SATH_TT8_R1_18) status Up
TTP        Jan 05 09:33:22 :619 2023 Conn 0x4e0 Up
CONOP      Jan  5 09:34:43 :700 2023 root> sendtermcmd 1024 RB
CONOP      Jan  5 09:34:47 :790 2023 root> sendtermcmd 1024 RB
CONOP      Jan  5 09:34:51 :410 2023 root> sendtermcmd 1024 RB
CONOP      Jan  5 09:35:18 :420 2023 root> sendtermcmd 288 RB
CONOP      Jan  5 09:35:33 :230 2023 root> sendtermcmd 1024 RB
CONOP      Jan  5 09:35:41 :850 2023 root> sendtermcmd 1024 cB
CONOP      Jan  5 09:35:51 :510 2023 root> sendtermcmd 1024 Rb
CONOP      Jan  5 09:35:55 :270 2023 root> sendtermcmd 1024 Rb
CONOP      Jan  5 09:35:59 :000 2023 root> sendtermcmd 1024 Rb
CONOP      Jan  5 09:36:04 :350 2023 root> sendtermcmd 1024 Rb -l
CONOP      Jan  5 09:36:17 :310 2023 root> sendtermcmd 288 Rb -l
CONOP      Jan  5 09:36:21 :300 2023 root> sendtermcmd 288 Rb -l
CONOP      Jan  5 09:36:30 :560 2023 root> sendtermcmd 1024 Rb -l
CONOP      Jan  5 09:36:39 :690 2023 root> sendtermcmd 1056 Rb -l
CONOP      Jan  5 09:36:47 :570 2023 root> sendtermcmd 1184 Rb -l
CONOP      Jan  5 09:36:52 :660 2023 root> sendtermcmd 1344 Rb -l
CONOP      Jan  5 09:37:05 :950 2023 root> sendtermcmd 1376 Rb -l
CONOP      Jan  5 09:37:40 :590 2023 root> sendtermcmd 1216 Rb -l
CONOP      Jan  5 09:37:44 :100 2023 root> sendtermcmd 1216 Rb -l
CONOP      Jan  5 09:37:49 :400 2023 root> sendtermcmd 1152 Rb -l
CONOP      Jan  5 09:37:54 :830 2023 root> sendtermcmd 1152 Rb -l
CONOP      Jan  5 09:37:58 :820 2023 root> sendtermcmd 1152 Rb -l
CONOP      Jan  5 09:38:06 :720 2023 root> sendtermcmd 1088 Rb -l
CONOP      Jan  5 09:38:10 :790 2023 root> sendtermcmd 1344 Rb -l
CONOP      Jan  5 09:38:14 :180 2023 root> sendtermcmd 1344 Rb -l
CONOP      Jan  5 09:38:20 :060 2023 root> sendtermcmd 1376 Rb -l
CONOP      Jan  5 09:38:32 :710 2023 root> sendtermcmd 1024 Rb -l
CONOP      Jan  5 09:38:38 :710 2023 root> sendtermcmd 1056 Rb -l
CONOP      Jan  5 09:39:34 :230 2023 root> sendtermcmd 1344 rtprt
CONOP      Jan  5 09:40:10 :920 2023 root> sendtermcmd 1344 ping 10.24.20.65
NCCASC     Jan 05 09:40:26 :090 2023 Terminal 0x500 (A4Z1_N2_R_SAT8_TT1_R1_01) status Up
TTP        Jan 05 09:40:26 :738 2023 Conn 0x500 Up
CONOP      Jan  5 09:40:33 :270 2023 root> sendtermcmd 1376 ping 10.24.20.65
CONOP      Jan  5 09:40:56 :090 2023 root> sendtermcmd 1344 ping 10.24.20.113
NCCASC     Jan 05 09:41:04 :619 2023 Terminal 0x520 (A4Z1_N2_R_SAT8_TT2_R1_02) status Up
TTP        Jan 05 09:41:05 :267 2023 Conn 0x520 Up
TTP        Jan 05 09:42:11 :143 2023 Giveup timer expired; conn 0x140
TTP        Jan 05 09:42:11 :144 2023 Conn 0x140 Down
CONOP      Jan  5 09:42:12 :110 2023 root> sendtermcmd 1344 ping 10.24.20.113
TTP        Jan 05 09:42:18 :323 2023 Giveup timer expired; conn 0x4c0
TTP        Jan 05 09:42:18 :323 2023 Conn 0x4c0 Down
TTP        Jan 05 09:42:18 :635 2023 Giveup timer expired; conn 0x480
TTP        Jan 05 09:42:18 :635 2023 Conn 0x480 Down
TTP        Jan 05 09:42:22 :742 2023 Giveup timer expired; conn 0x560
TTP        Jan 05 09:42:22 :742 2023 Conn 0x560 Down
TTP        Jan 05 09:42:22 :744 2023 Giveup timer expired; conn 0x400
TTP        Jan 05 09:42:22 :744 2023 Conn 0x400 Down
NCCASC     Jan 05 09:42:23 :715 2023 Terminal 0x120 (A4Z1_N1_CH_SATH_MRT_R1_04) status Down
	(Reason: N/A)
NCCASC     Jan 05 09:42:23 :715 2023 Terminal 0x140 (A4Z1_N1_CH_SATH_ART_R1_05) now the MRT
TTP        Jan 05 09:42:25 :322 2023 Conn 0x560 Up
TTP        Jan 05 09:42:26 :349 2023 Conn 0x540 Down
TTP        Jan 05 09:42:26 :349 2023 Conn 0x540 Up
TTP        Jan 05 09:42:29 :726 2023 Giveup timer expired; conn 0x440
TTP        Jan 05 09:42:29 :726 2023 Conn 0x440 Down
TTP        Jan 05 09:42:37 :578 2023 Giveup timer expired; conn 0x460
TTP        Jan 05 09:42:37 :578 2023 Conn 0x460 Down
TTP        Jan 05 09:42:39 :306 2023 Giveup timer expired; conn 0x500
TTP        Jan 05 09:42:39 :306 2023 Conn 0x500 Down
TTP        Jan 05 09:42:39 :336 2023 Conn 0x520 Down
TTP        Jan 05 09:42:39 :336 2023 Conn 0x520 Up
TTP        Jan 05 09:42:39 :471 2023 Conn 0x500 Up
TTP        Jan 05 09:42:39 :566 2023 Conn 0x140 Up
TTP        Jan 05 09:42:40 :895 2023 Giveup timer expired; conn 0x4e0
TTP        Jan 05 09:42:40 :895 2023 Conn 0x4e0 Down
TTP        Jan 05 09:42:40 :906 2023 Giveup timer expired; conn 0x420
TTP        Jan 05 09:42:40 :907 2023 Conn 0x420 Down
TTP        Jan 05 09:42:41 :651 2023 Giveup timer expired; conn 0x4a0
TTP        Jan 05 09:42:41 :652 2023 Conn 0x4a0 Down
TTP        Jan 05 09:42:49 :257 2023 Giveup timer expired; conn 0x120
TTP        Jan 05 09:42:49 :258 2023 Conn 0x120 Down
NCCASC     Jan 05 09:42:53 :178 2023 Terminal 0x400 (A4Z1_N1_CH_SATH_TT1_R1_11) status Down
	(Reason: N/A)
NCCASC     Jan 05 09:42:53 :209 2023 Terminal 0x4e0 (A4Z1_N1_CH_SATH_TT8_R1_18) status Down
	(Reason: N/A)
NCCASC     Jan 05 09:42:53 :664 2023 Terminal 0x4a0 (A4Z1_N1_CH_SATH_TT6_R1_16) status Down
	(Reason: N/A)
NCCASC     Jan 05 09:42:53 :716 2023 Terminal 0x460 (A4Z1_N1_CH_SATH_TT4_R1_14) status Down
	(Reason: N/A)
NCCASC     Jan 05 09:42:53 :778 2023 Terminal 0x420 (A4Z1_N1_CH_SATH_TT2_R1_12) status Down
	(Reason: N/A)
NCCASC     Jan 05 09:42:53 :850 2023 Terminal 0x4c0 (A4Z1_N1_CH_SATH_TT7_R1_17) status Down
	(Reason: N/A)
NCCASC     Jan 05 09:42:53 :901 2023 Terminal 0x480 (A4Z1_N1_CH_SATH_TT5_R1_15) status Down
	(Reason: N/A)
NCCASC     Jan 05 09:42:53 :950 2023 Terminal 0x440 (A4Z1_N1_CH_SATH_TT3_R1_13) status Down
	(Reason: N/A)
NCCASC     Jan 05 09:43:03 :720 2023 Terminal 0x140 (A4Z1_N1_CH_SATH_ART_R1_05) status Down
	(Reason: N/A)
NCCASC     Jan 05 09:43:03 :720 2023 Terminal 0x140 (A4Z1_N1_CH_SATH_ART_R1_05) now a TT
NCCASC     Jan 05 09:43:03 :721 2023 Terminal 0x120 (A4Z1_N1_CH_SATH_MRT_R1_04) now the MRT
NCCASC     Jan 05 09:43:05 :830 2023 Terminal 0x120 (A4Z1_N1_CH_SATH_MRT_R1_04) status Waiting for RxSync
TTP        Jan 05 09:43:25 :642 2023 Giveup timer expired; conn 0x560
TTP        Jan 05 09:43:25 :642 2023 Conn 0x560 Down
TTP        Jan 05 09:43:26 :694 2023 Giveup timer expired; conn 0x540
TTP        Jan 05 09:43:26 :694 2023 Conn 0x540 Down
TTP        Jan 05 09:43:39 :681 2023 Giveup timer expired; conn 0x520
TTP        Jan 05 09:43:39 :682 2023 Conn 0x520 Down
TTP        Jan 05 09:43:39 :860 2023 Giveup timer expired; conn 0x500
TTP        Jan 05 09:43:39 :860 2023 Conn 0x500 Down
TTP        Jan 05 09:43:40 :795 2023 Giveup timer expired; conn 0x140
TTP        Jan 05 09:43:40 :795 2023 Conn 0x140 Down
NCCASC     Jan 05 09:43:53 :366 2023 Terminal 0x540 (A4Z2_N3_R_SAT8_TT1_R1_01) status Down
	(Reason: N/A)
NCCASC     Jan 05 09:43:53 :440 2023 Terminal 0x500 (A4Z1_N2_R_SAT8_TT1_R1_01) status Down
	(Reason: N/A)
NCCASC     Jan 05 09:43:53 :543 2023 Terminal 0x560 (A4Z2_N3_R_SAT8_TT2_R1_02) status Down
	(Reason: N/A)
NCCASC     Jan 05 09:43:53 :605 2023 Terminal 0x520 (A4Z1_N2_R_SAT8_TT2_R1_02) status Down
	(Reason: N/A)
TTP        Jan 05 09:43:55 :997 2023 Conn 0x120 Up
NCCASC     Jan 05 09:43:57 :825 2023 Terminal 0x120 (A4Z1_N1_CH_SATH_MRT_R1_04) status Up
NCCASC     Jan 05 09:44:00 :346 2023 Terminal 0x4e0 (A4Z1_N1_CH_SATH_TT8_R1_18) status Up
NCCASC     Jan 05 09:44:11 :846 2023 Terminal 0x4c0 (A4Z1_N1_CH_SATH_TT7_R1_17) status Up
TTP        Jan 05 09:44:13 :520 2023 Conn 0x4c0 Up
NCCASC     Jan 05 09:44:14 :195 2023 Terminal 0x480 (A4Z1_N1_CH_SATH_TT5_R1_15) status Up
TTP        Jan 05 09:44:14 :897 2023 Conn 0x480 Up
NCCASC     Jan 05 09:44:24 :239 2023 Terminal 0x140 (A4Z1_N1_CH_SATH_ART_R1_05) status Up
TTP        Jan 05 09:44:24 :563 2023 Conn 0x140 Up
NCCASC     Jan 05 09:44:26 :615 2023 Terminal 0x400 (A4Z1_N1_CH_SATH_TT1_R1_11) status Up
TTP        Jan 05 09:44:27 :262 2023 Conn 0x400 Up
NCCASC     Jan 05 09:44:28 :964 2023 Terminal 0x540 (A4Z2_N3_R_SAT8_TT1_R1_01) status Up
TTP        Jan 05 09:44:29 :639 2023 Conn 0x540 Up
NCCASC     Jan 05 09:44:31 :367 2023 Terminal 0x500 (A4Z1_N2_R_SAT8_TT1_R1_01) status Up
NCCASC     Jan 05 09:44:36 :660 2023 Terminal 0x520 (A4Z1_N2_R_SAT8_TT2_R1_02) status Up
TTP        Jan 05 09:44:38 :306 2023 Conn 0x500 Up
TTP        Jan 05 09:44:38 :333 2023 Conn 0x520 Up
NCCASC     Jan 05 09:44:39 :062 2023 Terminal 0x4a0 (A4Z1_N1_CH_SATH_TT6_R1_16) status Up
TTP        Jan 05 09:44:40 :763 2023 Conn 0x4a0 Up
NCCASC     Jan 05 09:44:44 :462 2023 Terminal 0x420 (A4Z1_N1_CH_SATH_TT2_R1_12) status Up
NCCASC     Jan 05 09:44:46 :838 2023 Terminal 0x440 (A4Z1_N1_CH_SATH_TT3_R1_13) status Up
TTP        Jan 05 09:44:47 :486 2023 Conn 0x440 Up
NCCASC     Jan 05 09:44:58 :205 2023 Terminal 0x460 (A4Z1_N1_CH_SATH_TT4_R1_14) status Up
TTP        Jan 05 09:44:58 :880 2023 Conn 0x460 Up
NCCASC     Jan 05 09:45:11 :341 2023 Terminal 0x4e0 (A4Z1_N1_CH_SATH_TT8_R1_18) status Down
	(Reason: N/A)
NCCASC     Jan 05 09:45:21 :722 2023 Terminal 0x4e0 (A4Z1_N1_CH_SATH_TT8_R1_18) status Up
TTP        Jan 05 09:45:22 :397 2023 Conn 0x4e0 Up
NCCASC     Jan 05 09:45:54 :230 2023 Terminal 0x560 (A4Z2_N3_R_SAT8_TT2_R1_02) status Up
TTP        Jan 05 09:45:54 :905 2023 Conn 0x560 Up
NCCASC     Jan 05 09:45:55 :466 2023 Terminal 0x420 (A4Z1_N1_CH_SATH_TT2_R1_12) status Down
	(Reason: N/A)
NCCASC     Jan 05 09:46:02 :600 2023 Terminal 0x420 (A4Z1_N1_CH_SATH_TT2_R1_12) status Up
TTP        Jan 05 09:46:03 :248 2023 Conn 0x420 Up
CONOP      Jan  5 09:46:41 :610 2023 root> sendtermcmd 1024 rb
CONOP      Jan  5 09:47:00 :840 2023 root> sendtermcmd 1024 Cb
CONOP      Jan  5 09:47:07 :150 2023 root> sendtermcmd 1024 RB
CONOP      Jan  5 09:47:17 :710 2023 root> sendtermcmd 1024 RB
CONOP      Jan  5 09:47:27 :980 2023 root> sendtermcmd 1024 RB
CONOP      Jan  5 09:47:33 :860 2023 root> sendtermcmd 1056 RB
CONOP      Jan  5 09:47:58 :780 2023 root> sendtermcmd 1024 RB -l
CONOP      Jan  5 09:48:04 :150 2023 root> sendtermcmd 1024 RB -l
CONOP      Jan  5 09:48:13 :820 2023 root> sendtermcmd 1024 RB
CONOP      Jan  5 09:48:23 :950 2023 root> sendtermcmd 1024 RB
CONOP      Jan  5 09:48:29 :820 2023 root> sendtermcmd 1024 RBTP
CONOP      Jan  5 09:48:38 :850 2023 root> sendtermcmd 1024 RBTP
CONOP      Jan  5 09:48:56 :970 2023 root> sendtermcmd 1024 Ping 10.24.23.1
CONOP      Jan  5 09:49:14 :710 2023 root> sendtermcmd 1024 Ping 10.24.23.1
CONOP      Jan  5 09:49:24 :440 2023 root> sendtermcmd 1056 rb
CONOP      Jan  5 09:49:30 :550 2023 root> sendtermcmd 1056 rbrbtp
CONOP      Jan  5 09:49:37 :850 2023 root> sendtermcmd 1056 rbtp
CONOP      Jan  5 09:49:47 :100 2023 root> sendtermcmd 1088 rbtp
CONOP      Jan  5 09:50:52 :660 2023 root> sendtermcmd 1056 rbtp
CONOP      Jan  5 09:51:10 :030 2023 root> sendtermcmd 1024 rbtp
CONOP      Jan  5 09:51:51 :680 2023 root> sendtermcmd 1024 rbtp
CONOP      Jan  5 09:52:25 :460 2023 root> sendtermcmd 1344 ping 10.24.23.129
CONOP      Jan  5 09:52:45 :260 2023 root> sendtermcmd 1280 ping 10.24.23.1
CONOP      Jan  5 09:52:56 :860 2023 root> sendtermcmd 1024 ping 10.24.23.1
TTP        Jan 05 09:53:21 :280 2023 Giveup timer expired; conn 0x500
TTP        Jan 05 09:53:21 :280 2023 Conn 0x500 Down
CONOP      Jan  5 09:53:27 :960 2023 root> sendtermcmd 1024 ping 10.24.23.9
NCCASC     Jan 05 09:53:31 :689 2023 Terminal 0x500 (A4Z1_N2_R_SAT8_TT1_R1_01) status Down
	(Reason: N/A)
NCCASC     Jan 05 09:53:39 :685 2023 Terminal 0x500 (A4Z1_N2_R_SAT8_TT1_R1_01) status Up
CONOP      Jan  5 09:53:55 :180 2023 root> sendtermcmd 1024 ping 10.24.23.129
CONOP      Jan  5 09:54:09 :950 2023 root> sendtermcmd 1024 ping 10.24.23.129
NCCASC     Jan 05 09:54:50 :687 2023 Terminal 0x500 (A4Z1_N2_R_SAT8_TT1_R1_01) status Down
	(Reason: N/A)
NCCASC     Jan 05 09:54:57 :337 2023 Terminal 0x500 (A4Z1_N2_R_SAT8_TT1_R1_01) status Up
CONOP      Jan  5 09:55:03 :090 2023 root> sendtermcmd 1024 ping 10.24.23.129
TTP        Jan 05 09:55:13 :348 2023 Conn 0x500 Up
CONOP      Jan  5 09:55:24 :380 2023 root> sendtermcmd 1024 ping 10.24.23.137
CONOP      Jan  5 09:55:50 :960 2023 root> sendtermcmd 1024 ping 10.24.23.137
CONOP      Jan  5 09:56:18 :710 2023 root> sendtermcmd 1024 ping 10.24.23.1
CONOP      Jan  5 09:56:38 :690 2023 root> sendtermcmd 1024 ping 10.24.23.1
NCCASC     Jan 05 10:00:28 :035 2023 Terminal 0x5a0 (A4Z2_N8_R_SAT1_TT2_R1_02) status Up
TTP        Jan 05 10:00:28 :683 2023 Conn 0x5a0 Up
NCCASC     Jan 05 10:01:51 :519 2023 Terminal 0x580 (A4Z2_N8_R_SAT1_TT1_R1_01) status Up
TTP        Jan 05 10:01:52 :167 2023 Conn 0x580 Up
CONOP      Jan  5 10:04:11 :840 2023 root> sendtermcmd 1408 cb
CONOP      Jan  5 10:04:17 :670 2023 root> sendtermcmd 1376 cb
CONOP      Jan  5 10:04:21 :590 2023 root> sendtermcmd 1280 cb
CONOP      Jan  5 10:04:25 :250 2023 root> sendtermcmd 1312 cb
CONOP      Jan  5 10:04:30 :300 2023 root> sendtermcmd 1344 cb
CONOP      Jan  5 10:04:37 :840 2023 root> sendtermcmd 1440 RB
CONOP      Jan  5 10:04:58 :960 2023 root> sendtermcmd 1440 RB
CONOP      Jan  5 10:05:13 :190 2023 root> sendtermcmd 1440 RB
CONOP      Jan  5 10:05:18 :010 2023 root> sendtermcmd 1344 RB
CONOP      Jan  5 10:05:21 :730 2023 root> sendtermcmd 1344 RB
CONOP      Jan  5 10:05:27 :740 2023 root> sendtermcmd 1376 RB
CONOP      Jan  5 10:05:33 :160 2023 root> sendtermcmd 1376 RB
CONOP      Jan  5 10:05:37 :620 2023 root> sendtermcmd 1376 RB
CONOP      Jan  5 10:05:54 :690 2023 root> sendtermcmd 1280 RBtp
CONOP      Jan  5 10:06:01 :070 2023 root> sendtermcmd 1312 RBtp
CONOP      Jan  5 10:06:23 :100 2023 root> sendtermcmd 1344 RBtp
CONOP      Jan  5 10:06:29 :190 2023 root> sendtermcmd 1344 RBtp
CONOP      Jan  5 10:06:38 :220 2023 root> sendtermcmd 1376 RBtp
CONOP      Jan  5 10:06:41 :570 2023 root> sendtermcmd 1376 RBtp
CONOP      Jan  5 10:06:47 :600 2023 root> sendtermcmd 1408 RBtp
CONOP      Jan  5 10:06:54 :880 2023 root> sendtermcmd 1408 rtprt
CONOP      Jan  5 10:07:06 :860 2023 root> sendtermcmd 1408 rtprt
CONOP      Jan  5 10:07:10 :790 2023 root> sendtermcmd 1280 rtprt
CONOP      Jan  5 10:07:31 :290 2023 root> sendtermcmd 1024 Ping 10.24.23.1
CONOP      Jan  5 10:07:34 :600 2023 root> sendtermcmd 1024 Ping 10.24.23.1
CONOP      Jan  5 10:08:05 :340 2023 root> sendtermcmd 1344 Ping 10.24.23.1
CONOP      Jan  5 10:08:15 :100 2023 root> sendtermcmd 1280 Ping 10.24.23.1
CONOP      Jan  5 10:09:13 :610 2023 root> sendtermcmd 1024 rb
CONOP      Jan  5 10:09:28 :370 2023 root> sendtermcmd 1056 rb
CONOP      Jan  5 10:09:36 :540 2023 root> sendtermcmd 1088 rb
CONOP      Jan  5 10:10:04 :160 2023 root> sendtermcmd 1088 ping 10.24.24.1
CONOP      Jan  5 10:10:38 :710 2023 root> sendtermcmd 1088 rbtp
TTP        Jan 05 10:33:27 :688 2023 Giveup timer expired; conn 0x420
TTP        Jan 05 10:33:27 :688 2023 Conn 0x420 Down
NCCASC     Jan 05 10:33:55 :164 2023 Terminal 0x420 (A4Z1_N1_CH_SATH_TT2_R1_12) status Down
	(Reason: N/A)
NCCASC     Jan 05 10:35:54 :807 2023 Terminal 0x420 (A4Z1_N1_CH_SATH_TT2_R1_12) status Up
TTP        Jan 05 10:35:55 :455 2023 Conn 0x420 Up
TTP        Jan 05 10:37:24 :036 2023 Giveup timer expired; conn 0x400
TTP        Jan 05 10:37:24 :036 2023 Conn 0x400 Down
NCCASC     Jan 05 10:37:36 :613 2023 Terminal 0x400 (A4Z1_N1_CH_SATH_TT1_R1_11) status Down
	(Reason: N/A)
NCCASC     Jan 05 10:39:15 :202 2023 Terminal 0x400 (A4Z1_N1_CH_SATH_TT1_R1_11) status Up
NCCASC     Jan 05 10:40:26 :206 2023 Terminal 0x400 (A4Z1_N1_CH_SATH_TT1_R1_11) status Down
	(Reason: N/A)
NCCASC     Jan 05 10:40:28 :534 2023 Terminal 0x400 (A4Z1_N1_CH_SATH_TT1_R1_11) status Up
TTP        Jan 05 10:40:29 :236 2023 Conn 0x400 Up
TTP        Jan 05 10:45:05 :064 2023 Giveup timer expired; conn 0x420
TTP        Jan 05 10:45:05 :064 2023 Conn 0x420 Down
NCCASC     Jan 05 10:45:41 :918 2023 Terminal 0x420 (A4Z1_N1_CH_SATH_TT2_R1_12) status Down
	(Reason: N/A)
TTP        Jan 05 10:47:10 :887 2023 Giveup timer expired; conn 0x5a0
TTP        Jan 05 10:47:10 :888 2023 Conn 0x5a0 Down
NCCASC     Jan 05 10:47:29 :156 2023 Terminal 0x5a0 (A4Z2_N8_R_SAT1_TT2_R1_02) status Down
	(Reason: N/A)
NCCASC     Jan 05 10:47:32 :679 2023 Terminal 0x5a0 (A4Z2_N8_R_SAT1_TT2_R1_02) status Up
TTP        Jan 05 10:47:33 :327 2023 Conn 0x5a0 Up
NCCASC     Jan 05 10:51:18 :077 2023 Terminal 0x420 (A4Z1_N1_CH_SATH_TT2_R1_12) status Up
TTP        Jan 05 10:51:24 :907 2023 Conn 0x420 Up
TTP        Jan 05 10:52:38 :375 2023 Giveup timer expired; conn 0x500
TTP        Jan 05 10:52:38 :375 2023 Conn 0x500 Down
NCCASC     Jan 05 10:53:00 :887 2023 Terminal 0x500 (A4Z1_N2_R_SAT8_TT1_R1_01) status Down
	(Reason: N/A)
NCCASC     Jan 05 10:54:03 :506 2023 Terminal 0x500 (A4Z1_N2_R_SAT8_TT1_R1_01) status Up
TTP        Jan 05 10:54:04 :154 2023 Conn 0x500 Up
TTP        Jan 05 10:55:57 :905 2023 Conn 0x500 Down
TTP        Jan 05 10:55:57 :905 2023 Conn 0x500 Up
TTP        Jan 05 10:56:58 :207 2023 Giveup timer expired; conn 0x500
TTP        Jan 05 10:56:58 :207 2023 Conn 0x500 Down
NCCASC     Jan 05 10:57:24 :408 2023 Terminal 0x500 (A4Z1_N2_R_SAT8_TT1_R1_01) status Down
	(Reason: N/A)
TTP        Jan 05 10:58:11 :162 2023 Giveup timer expired; conn 0x520
TTP        Jan 05 10:58:11 :162 2023 Conn 0x520 Down
NCCASC     Jan 05 10:59:23 :800 2023 Terminal 0x520 (A4Z1_N2_R_SAT8_TT2_R1_02) status Down
	(Reason: N/A)
CONOP      Jan  5 11:18:02 :580 2023 root> sendtermcmd 1056 rbtp
NCCASC     Jan 05 11:20:28 :359 2023 Terminal 0x500 (A4Z1_N2_R_SAT8_TT1_R1_01) status Up
TTP        Jan 05 11:20:30 :087 2023 Conn 0x500 Up
TTP        Jan 05 11:21:30 :427 2023 Giveup timer expired; conn 0x500
TTP        Jan 05 11:21:30 :427 2023 Conn 0x500 Down
NCCASC     Jan 05 11:21:40 :243 2023 Terminal 0x500 (A4Z1_N2_R_SAT8_TT1_R1_01) status Down
	(Reason: N/A)
NCCASC     Jan 05 11:22:43 :063 2023 Terminal 0x500 (A4Z1_N2_R_SAT8_TT1_R1_01) status Up
TTP        Jan 05 11:22:43 :711 2023 Conn 0x500 Up
TTP        Jan 05 11:23:44 :001 2023 Giveup timer expired; conn 0x500
TTP        Jan 05 11:23:44 :001 2023 Conn 0x500 Down
NCCASC     Jan 05 11:23:54 :067 2023 Terminal 0x500 (A4Z1_N2_R_SAT8_TT1_R1_01) status Down
	(Reason: N/A)
TTP        Jan 05 11:25:59 :800 2023 Giveup timer expired; conn 0x400
TTP        Jan 05 11:25:59 :801 2023 Conn 0x400 Down
TTP        Jan 05 11:26:06 :456 2023 Giveup timer expired; conn 0x140
TTP        Jan 05 11:26:06 :456 2023 Conn 0x140 Down
TTP        Jan 05 11:26:07 :874 2023 Giveup timer expired; conn 0x460
TTP        Jan 05 11:26:07 :874 2023 Conn 0x460 Down
TTP        Jan 05 11:26:11 :062 2023 Giveup timer expired; conn 0x580
TTP        Jan 05 11:26:11 :063 2023 Conn 0x580 Down
TTP        Jan 05 11:26:11 :420 2023 Giveup timer expired; conn 0x540
TTP        Jan 05 11:26:11 :420 2023 Conn 0x540 Down
TTP        Jan 05 11:26:12 :731 2023 Giveup timer expired; conn 0x420
TTP        Jan 05 11:26:12 :731 2023 Conn 0x420 Down
NCCASC     Jan 05 11:26:16 :637 2023 Terminal 0x120 (A4Z1_N1_CH_SATH_MRT_R1_04) status Down
	(Reason: N/A)
NCCASC     Jan 05 11:26:16 :637 2023 Terminal 0x140 (A4Z1_N1_CH_SATH_ART_R1_05) now the MRT
TTP        Jan 05 11:26:19 :784 2023 Giveup timer expired; conn 0x4c0
TTP        Jan 05 11:26:19 :784 2023 Conn 0x4c0 Down
TTP        Jan 05 11:26:23 :099 2023 Giveup timer expired; conn 0x440
TTP        Jan 05 11:26:23 :099 2023 Conn 0x440 Down
TTP        Jan 05 11:26:23 :766 2023 Giveup timer expired; conn 0x480
TTP        Jan 05 11:26:23 :766 2023 Conn 0x480 Down
TTP        Jan 05 11:26:24 :537 2023 Giveup timer expired; conn 0x5a0
TTP        Jan 05 11:26:24 :537 2023 Conn 0x5a0 Down
TTP        Jan 05 11:26:30 :003 2023 Giveup timer expired; conn 0x4a0
TTP        Jan 05 11:26:30 :004 2023 Conn 0x4a0 Down
TTP        Jan 05 11:26:31 :202 2023 Giveup timer expired; conn 0x560
TTP        Jan 05 11:26:31 :202 2023 Conn 0x560 Down
TTP        Jan 05 11:26:34 :928 2023 Conn 0x140 Up
TTP        Jan 05 11:26:36 :329 2023 Giveup timer expired; conn 0x4e0
TTP        Jan 05 11:26:36 :329 2023 Conn 0x4e0 Down
NCCASC     Jan 05 11:26:41 :038 2023 Terminal 0x560 (A4Z2_N3_R_SAT8_TT2_R1_02) status Down
	(Reason: N/A)
NCCASC     Jan 05 11:26:43 :737 2023 Terminal 0x400 (A4Z1_N1_CH_SATH_TT1_R1_11) status Down
	(Reason: N/A)
NCCASC     Jan 05 11:26:45 :184 2023 Terminal 0x420 (A4Z1_N1_CH_SATH_TT2_R1_12) status Down
	(Reason: N/A)
NCCASC     Jan 05 11:26:45 :329 2023 Terminal 0x480 (A4Z1_N1_CH_SATH_TT5_R1_15) status Down
	(Reason: N/A)
NCCASC     Jan 05 11:26:46 :029 2023 Terminal 0x540 (A4Z2_N3_R_SAT8_TT1_R1_01) status Down
	(Reason: N/A)
NCCASC     Jan 05 11:26:46 :133 2023 Terminal 0x4c0 (A4Z1_N1_CH_SATH_TT7_R1_17) status Down
	(Reason: N/A)
NCCASC     Jan 05 11:26:46 :164 2023 Terminal 0x5a0 (A4Z2_N8_R_SAT1_TT2_R1_02) status Down
	(Reason: N/A)
NCCASC     Jan 05 11:26:46 :247 2023 Terminal 0x440 (A4Z1_N1_CH_SATH_TT3_R1_13) status Down
	(Reason: N/A)
NCCASC     Jan 05 11:26:46 :350 2023 Terminal 0x4e0 (A4Z1_N1_CH_SATH_TT8_R1_18) status Down
	(Reason: N/A)
NCCASC     Jan 05 11:26:46 :804 2023 Terminal 0x4a0 (A4Z1_N1_CH_SATH_TT6_R1_16) status Down
	(Reason: N/A)
NCCASC     Jan 05 11:26:46 :835 2023 Terminal 0x580 (A4Z2_N8_R_SAT1_TT1_R1_01) status Down
	(Reason: N/A)
NCCASC     Jan 05 11:26:46 :865 2023 Terminal 0x460 (A4Z1_N1_CH_SATH_TT4_R1_14) status Down
	(Reason: N/A)
TTP        Jan 05 11:26:48 :708 2023 Giveup timer expired; conn 0x120
TTP        Jan 05 11:26:48 :708 2023 Conn 0x120 Down
NCCASC     Jan 05 11:26:56 :637 2023 Terminal 0x140 (A4Z1_N1_CH_SATH_ART_R1_05) status Down
	(Reason: N/A)
NCCASC     Jan 05 11:26:56 :638 2023 Terminal 0x140 (A4Z1_N1_CH_SATH_ART_R1_05) now a TT
NCCASC     Jan 05 11:26:56 :638 2023 Terminal 0x120 (A4Z1_N1_CH_SATH_MRT_R1_04) now the MRT
NCCASC     Jan 05 11:26:58 :742 2023 Terminal 0x120 (A4Z1_N1_CH_SATH_MRT_R1_04) status Waiting for RxSync
TTP        Jan 05 11:27:36 :263 2023 Giveup timer expired; conn 0x140
TTP        Jan 05 11:27:36 :263 2023 Conn 0x140 Down
TTP        Jan 05 11:27:38 :929 2023 Conn 0x120 Up
NCCASC     Jan 05 11:27:40 :779 2023 Terminal 0x120 (A4Z1_N1_CH_SATH_MRT_R1_04) status Up
NCCASC     Jan 05 11:27:52 :132 2023 Terminal 0x4c0 (A4Z1_N1_CH_SATH_TT7_R1_17) status Up
TTP        Jan 05 11:27:52 :807 2023 Conn 0x4c0 Up
NCCASC     Jan 05 11:27:57 :559 2023 Terminal 0x440 (A4Z1_N1_CH_SATH_TT3_R1_13) status Up
TTP        Jan 05 11:27:58 :207 2023 Conn 0x440 Up
NCCASC     Jan 05 11:28:03 :040 2023 Terminal 0x4a0 (A4Z1_N1_CH_SATH_TT6_R1_16) status Up
TTP        Jan 05 11:28:03 :742 2023 Conn 0x4a0 Up
NCCASC     Jan 05 11:28:14 :488 2023 Terminal 0x560 (A4Z2_N3_R_SAT8_TT2_R1_02) status Up
TTP        Jan 05 11:28:15 :136 2023 Conn 0x560 Up
NCCASC     Jan 05 11:28:16 :810 2023 Terminal 0x400 (A4Z1_N1_CH_SATH_TT1_R1_11) status Up
NCCASC     Jan 05 11:28:17 :269 2023 Terminal 0x140 (A4Z1_N1_CH_SATH_ART_R1_05) status Up
TTP        Jan 05 11:28:17 :458 2023 Conn 0x400 Up
TTP        Jan 05 11:28:17 :620 2023 Conn 0x140 Up
NCCASC     Jan 05 11:28:25 :639 2023 Terminal 0x480 (A4Z1_N1_CH_SATH_TT5_R1_15) status Up
TTP        Jan 05 11:28:26 :287 2023 Conn 0x480 Up
NCCASC     Jan 05 11:28:28 :096 2023 Terminal 0x540 (A4Z2_N3_R_SAT8_TT1_R1_01) status Up
TTP        Jan 05 11:28:28 :744 2023 Conn 0x540 Up
NCCASC     Jan 05 11:28:33 :631 2023 Terminal 0x4e0 (A4Z1_N1_CH_SATH_TT8_R1_18) status Up
TTP        Jan 05 11:28:34 :279 2023 Conn 0x4e0 Up
NCCASC     Jan 05 11:28:35 :980 2023 Terminal 0x580 (A4Z2_N8_R_SAT1_TT1_R1_01) status Up
NCCASC     Jan 05 11:28:38 :302 2023 Terminal 0x460 (A4Z1_N1_CH_SATH_TT4_R1_14) status Up
TTP        Jan 05 11:28:38 :950 2023 Conn 0x460 Up
TTP        Jan 05 11:28:39 :787 2023 Conn 0x580 Up
NCCASC     Jan 05 11:28:46 :672 2023 Terminal 0x420 (A4Z1_N1_CH_SATH_TT2_R1_12) status Up
TTP        Jan 05 11:28:47 :374 2023 Conn 0x420 Up
NCCASC     Jan 05 11:28:49 :129 2023 Terminal 0x5a0 (A4Z2_N8_R_SAT1_TT2_R1_02) status Up
TTP        Jan 05 11:28:52 :882 2023 Conn 0x5a0 Up
TTP        Jan 05 11:37:47 :863 2023 Giveup timer expired; conn 0x4c0
TTP        Jan 05 11:37:47 :863 2023 Conn 0x4c0 Down
TTP        Jan 05 11:37:53 :860 2023 Giveup timer expired; conn 0x460
TTP        Jan 05 11:37:53 :860 2023 Conn 0x460 Down
TTP        Jan 05 11:37:55 :363 2023 Giveup timer expired; conn 0x420
TTP        Jan 05 11:37:55 :363 2023 Conn 0x420 Down
NCCASC     Jan 05 11:37:56 :842 2023 Terminal 0x120 (A4Z1_N1_CH_SATH_MRT_R1_04) status Down
	(Reason: N/A)
NCCASC     Jan 05 11:37:56 :842 2023 Terminal 0x140 (A4Z1_N1_CH_SATH_ART_R1_05) now the MRT
TTP        Jan 05 11:37:57 :150 2023 Giveup timer expired; conn 0x560
TTP        Jan 05 11:37:57 :150 2023 Conn 0x560 Down
TTP        Jan 05 11:38:02 :846 2023 Giveup timer expired; conn 0x5a0
TTP        Jan 05 11:38:02 :846 2023 Conn 0x5a0 Down
TTP        Jan 05 11:38:03 :366 2023 Giveup timer expired; conn 0x440
TTP        Jan 05 11:38:03 :366 2023 Conn 0x440 Down
TTP        Jan 05 11:38:06 :230 2023 Giveup timer expired; conn 0x480
TTP        Jan 05 11:38:06 :230 2023 Conn 0x480 Down
TTP        Jan 05 11:38:08 :117 2023 Giveup timer expired; conn 0x4e0
TTP        Jan 05 11:38:08 :117 2023 Conn 0x4e0 Down
TTP        Jan 05 11:38:08 :491 2023 Conn 0x460 Up
TTP        Jan 05 11:38:09 :085 2023 Conn 0x5a0 Up
NCCASC     Jan 05 11:38:09 :868 2023 Terminal 0x120 (A4Z1_N1_CH_SATH_MRT_R1_04) status Up
TTP        Jan 05 11:38:10 :030 2023 Conn 0x560 Up
TTP        Jan 05 11:38:10 :192 2023 Conn 0x120 Down
TTP        Jan 05 11:38:10 :192 2023 Conn 0x120 Up
TTP        Jan 05 11:38:11 :930 2023 Giveup timer expired; conn 0x4a0
TTP        Jan 05 11:38:11 :930 2023 Conn 0x4a0 Down
TTP        Jan 05 11:38:13 :621 2023 Conn 0x4c0 Up
TTP        Jan 05 11:38:14 :187 2023 Conn 0x4e0 Up
TTP        Jan 05 11:38:16 :051 2023 Conn 0x420 Up
TTP        Jan 05 11:38:37 :165 2023 Conn 0x480 Up
TTP        Jan 05 11:38:40 :081 2023 Conn 0x440 Up
TTP        Jan 05 11:39:10 :281 2023 Giveup timer expired; conn 0x560
TTP        Jan 05 11:39:10 :281 2023 Conn 0x560 Down
TTP        Jan 05 11:39:15 :462 2023 Giveup timer expired; conn 0x120
TTP        Jan 05 11:39:15 :462 2023 Conn 0x120 Down
TTP        Jan 05 11:39:23 :406 2023 Giveup timer expired; conn 0x580
TTP        Jan 05 11:39:23 :406 2023 Conn 0x580 Down
NCCASC     Jan 05 11:39:24 :859 2023 Terminal 0x140 (A4Z1_N1_CH_SATH_ART_R1_05) status Down
	(Reason: N/A)
NCCASC     Jan 05 11:39:24 :859 2023 Terminal 0x120 (A4Z1_N1_CH_SATH_MRT_R1_04) now the MRT
TTP        Jan 05 11:39:25 :593 2023 Giveup timer expired; conn 0x4e0
TTP        Jan 05 11:39:25 :593 2023 Conn 0x4e0 Down
TTP        Jan 05 11:39:37 :089 2023 Giveup timer expired; conn 0x4c0
TTP        Jan 05 11:39:37 :089 2023 Conn 0x4c0 Down
TTP        Jan 05 11:39:37 :391 2023 Giveup timer expired; conn 0x540
TTP        Jan 05 11:39:37 :391 2023 Conn 0x540 Down
TTP        Jan 05 11:39:37 :971 2023 Giveup timer expired; conn 0x460
TTP        Jan 05 11:39:37 :971 2023 Conn 0x460 Down
TTP        Jan 05 11:39:38 :530 2023 Giveup timer expired; conn 0x5a0
TTP        Jan 05 11:39:38 :530 2023 Conn 0x5a0 Down
TTP        Jan 05 11:39:40 :410 2023 Giveup timer expired; conn 0x440
TTP        Jan 05 11:39:40 :410 2023 Conn 0x440 Down
TTP        Jan 05 11:39:40 :461 2023 Giveup timer expired; conn 0x420
TTP        Jan 05 11:39:40 :461 2023 Conn 0x420 Down
TTP        Jan 05 11:39:40 :573 2023 Giveup timer expired; conn 0x480
TTP        Jan 05 11:39:40 :573 2023 Conn 0x480 Down
TTP        Jan 05 11:39:41 :194 2023 Giveup timer expired; conn 0x400
TTP        Jan 05 11:39:41 :194 2023 Conn 0x400 Down
NCCASC     Jan 05 11:39:46 :856 2023 Terminal 0x120 (A4Z1_N1_CH_SATH_MRT_R1_04) status Down
	(Reason: N/A)
NCCASC     Jan 05 11:39:46 :857 2023 Terminal 0x120 (A4Z1_N1_CH_SATH_MRT_R1_04) now a TT
NCCASC     Jan 05 11:39:46 :857 2023 Terminal 0x120 (A4Z1_N1_CH_SATH_MRT_R1_04) now the MRT
NCCASC     Jan 05 11:39:46 :858 2023 Terminal 0x120 (A4Z1_N1_CH_SATH_MRT_R1_04) status Waiting for BBoard
NCCASC     Jan 05 11:39:48 :963 2023 Terminal 0x120 (A4Z1_N1_CH_SATH_MRT_R1_04) status Waiting for RxSync
NCCASC     Jan 05 11:39:50 :733 2023 Terminal 0x400 (A4Z1_N1_CH_SATH_TT1_R1_11) status Down
	(Reason: N/A)
NCCASC     Jan 05 11:39:53 :802 2023 Terminal 0x4a0 (A4Z1_N1_CH_SATH_TT6_R1_16) status Down
	(Reason: N/A)
NCCASC     Jan 05 11:39:53 :865 2023 Terminal 0x460 (A4Z1_N1_CH_SATH_TT4_R1_14) status Down
	(Reason: N/A)
NCCASC     Jan 05 11:39:53 :916 2023 Terminal 0x420 (A4Z1_N1_CH_SATH_TT2_R1_12) status Down
	(Reason: N/A)
NCCASC     Jan 05 11:39:53 :999 2023 Terminal 0x4c0 (A4Z1_N1_CH_SATH_TT7_R1_17) status Down
	(Reason: N/A)
NCCASC     Jan 05 11:39:54 :051 2023 Terminal 0x480 (A4Z1_N1_CH_SATH_TT5_R1_15) status Down
	(Reason: N/A)
NCCASC     Jan 05 11:39:54 :102 2023 Terminal 0x440 (A4Z1_N1_CH_SATH_TT3_R1_13) status Down
	(Reason: N/A)
NCCASC     Jan 05 11:39:54 :214 2023 Terminal 0x4e0 (A4Z1_N1_CH_SATH_TT8_R1_18) status Down
	(Reason: N/A)
TTP        Jan 05 11:39:55 :609 2023 Conn 0x120 Up
NCCASC     Jan 05 11:39:56 :967 2023 Terminal 0x120 (A4Z1_N1_CH_SATH_MRT_R1_04) status Up
NCCASC     Jan 05 11:39:58 :160 2023 Terminal 0x580 (A4Z2_N8_R_SAT1_TT1_R1_01) status Down
	(Reason: N/A)
NCCASC     Jan 05 11:40:00 :079 2023 Terminal 0x5a0 (A4Z2_N8_R_SAT1_TT2_R1_02) status Down
	(Reason: N/A)
NCCASC     Jan 05 11:40:00 :130 2023 Terminal 0x560 (A4Z2_N3_R_SAT8_TT2_R1_02) status Down
	(Reason: N/A)
NCCASC     Jan 05 11:40:00 :804 2023 Terminal 0x540 (A4Z2_N3_R_SAT8_TT1_R1_01) status Down
	(Reason: N/A)
TTP        Jan 05 11:40:02 :544 2023 Giveup timer expired; conn 0x140
TTP        Jan 05 11:40:02 :544 2023 Conn 0x140 Down
NCCASC     Jan 05 11:40:03 :790 2023 Terminal 0x140 (A4Z1_N1_CH_SATH_ART_R1_05) status Up
TTP        Jan 05 11:40:07 :245 2023 Conn 0x140 Up
NCCASC     Jan 05 11:40:42 :454 2023 Terminal 0x540 (A4Z2_N3_R_SAT8_TT1_R1_01) status Up
TTP        Jan 05 11:40:43 :156 2023 Conn 0x540 Up
NCCASC     Jan 05 11:40:47 :908 2023 Terminal 0x400 (A4Z1_N1_CH_SATH_TT1_R1_11) status Up
TTP        Jan 05 11:40:48 :556 2023 Conn 0x400 Up
NCCASC     Jan 05 11:40:50 :284 2023 Terminal 0x4a0 (A4Z1_N1_CH_SATH_TT6_R1_16) status Up
TTP        Jan 05 11:40:54 :118 2023 Conn 0x4a0 Up
NCCASC     Jan 05 11:40:55 :684 2023 Terminal 0x420 (A4Z1_N1_CH_SATH_TT2_R1_12) status Up
TTP        Jan 05 11:40:56 :332 2023 Conn 0x420 Up
NCCASC     Jan 05 11:40:58 :006 2023 Terminal 0x4c0 (A4Z1_N1_CH_SATH_TT7_R1_17) status Up
NCCASC     Jan 05 11:41:00 :355 2023 Terminal 0x480 (A4Z1_N1_CH_SATH_TT5_R1_15) status Up
TTP        Jan 05 11:41:01 :813 2023 Conn 0x4c0 Up
TTP        Jan 05 11:41:02 :110 2023 Conn 0x480 Up
NCCASC     Jan 05 11:41:02 :731 2023 Terminal 0x440 (A4Z1_N1_CH_SATH_TT3_R1_13) status Up
TTP        Jan 05 11:41:03 :406 2023 Conn 0x440 Up
NCCASC     Jan 05 11:41:05 :080 2023 Terminal 0x4e0 (A4Z1_N1_CH_SATH_TT8_R1_18) status Up
TTP        Jan 05 11:41:05 :728 2023 Conn 0x4e0 Up
NCCASC     Jan 05 11:41:07 :456 2023 Terminal 0x580 (A4Z2_N8_R_SAT1_TT1_R1_01) status Up
TTP        Jan 05 11:41:08 :158 2023 Conn 0x580 Up
NCCASC     Jan 05 11:41:12 :964 2023 Terminal 0x5a0 (A4Z2_N8_R_SAT1_TT2_R1_02) status Up
TTP        Jan 05 11:41:13 :666 2023 Conn 0x5a0 Up
NCCASC     Jan 05 11:41:21 :469 2023 Terminal 0x460 (A4Z1_N1_CH_SATH_TT4_R1_14) status Up
TTP        Jan 05 11:41:22 :117 2023 Conn 0x460 Up
NCCASC     Jan 05 11:41:27 :004 2023 Terminal 0x560 (A4Z2_N3_R_SAT8_TT2_R1_02) status Up
TTP        Jan 05 11:41:27 :652 2023 Conn 0x560 Up
CONOP      Jan  5 11:51:20 :870 2023 root> sendtermcmd 1024 rb
CONOP      Jan  5 11:51:30 :190 2023 root> sendtermcmd 1024 rb -l
CONOP      Jan  5 11:51:45 :140 2023 root> sendtermcmd 1024 rb -l
CONOP      Jan  5 11:51:53 :440 2023 root> sendtermcmd 1056 rb -l
TTP        Jan 05 11:52:15 :169 2023 Giveup timer expired; conn 0x4e0
TTP        Jan 05 11:52:15 :169 2023 Conn 0x4e0 Down
NCCASC     Jan 05 11:52:31 :272 2023 Terminal 0x4e0 (A4Z1_N1_CH_SATH_TT8_R1_18) status Down
	(Reason: N/A)
NCCASC     Jan 05 11:52:37 :903 2023 Terminal 0x4e0 (A4Z1_N1_CH_SATH_TT8_R1_18) status Up
TTP        Jan 05 11:52:38 :605 2023 Conn 0x4e0 Up
TTP        Jan 05 11:53:15 :362 2023 Giveup timer expired; conn 0x5a0
TTP        Jan 05 11:53:15 :363 2023 Conn 0x5a0 Down
TTP        Jan 05 11:53:17 :971 2023 Conn 0x5a0 Up
TTP        Jan 05 11:53:19 :028 2023 Giveup timer expired; conn 0x580
TTP        Jan 05 11:53:19 :028 2023 Conn 0x580 Down
TTP        Jan 05 11:54:18 :325 2023 Giveup timer expired; conn 0x5a0
TTP        Jan 05 11:54:18 :325 2023 Conn 0x5a0 Down
NCCASC     Jan 05 11:54:28 :407 2023 Terminal 0x580 (A4Z2_N8_R_SAT1_TT1_R1_01) status Down
	(Reason: N/A)
NCCASC     Jan 05 11:54:29 :459 2023 Terminal 0x5a0 (A4Z2_N8_R_SAT1_TT2_R1_02) status Down
	(Reason: N/A)
TTP        Jan 05 11:54:57 :632 2023 Giveup timer expired; conn 0x460
TTP        Jan 05 11:54:57 :633 2023 Conn 0x460 Down
TTP        Jan 05 11:55:10 :856 2023 Giveup timer expired; conn 0x420
TTP        Jan 05 11:55:10 :856 2023 Conn 0x420 Down
TTP        Jan 05 11:55:13 :604 2023 Giveup timer expired; conn 0x480
TTP        Jan 05 11:55:13 :604 2023 Conn 0x480 Down
TTP        Jan 05 11:55:16 :125 2023 Giveup timer expired; conn 0x4c0
TTP        Jan 05 11:55:16 :125 2023 Conn 0x4c0 Down
TTP        Jan 05 11:55:17 :400 2023 Giveup timer expired; conn 0x4e0
TTP        Jan 05 11:55:17 :400 2023 Conn 0x4e0 Down
TTP        Jan 05 11:55:18 :061 2023 Giveup timer expired; conn 0x440
TTP        Jan 05 11:55:18 :061 2023 Conn 0x440 Down
TTP        Jan 05 11:55:21 :146 2023 Conn 0x420 Up
TTP        Jan 05 11:55:25 :071 2023 Giveup timer expired; conn 0x400
TTP        Jan 05 11:55:25 :071 2023 Conn 0x400 Down
TTP        Jan 05 11:55:32 :675 2023 Conn 0x440 Up
NCCASC     Jan 05 11:55:35 :173 2023 Terminal 0x560 (A4Z2_N3_R_SAT8_TT2_R1_02) status Down
	(Reason: N/A)
TTP        Jan 05 11:55:38 :750 2023 Conn 0x460 Up
NCCASC     Jan 05 11:55:47 :228 2023 Terminal 0x560 (A4Z2_N3_R_SAT8_TT2_R1_02) status Up
TTP        Jan 05 11:55:47 :876 2023 Conn 0x560 Down
TTP        Jan 05 11:55:47 :876 2023 Conn 0x560 Up
TTP        Jan 05 11:55:51 :845 2023 Conn 0x400 Up
TTP        Jan 05 11:55:55 :220 2023 Conn 0x480 Up
TTP        Jan 05 11:55:56 :137 2023 Conn 0x4c0 Up
TTP        Jan 05 11:56:07 :478 2023 Conn 0x4e0 Up
TTP        Jan 05 11:56:55 :486 2023 Giveup timer expired; conn 0x480
TTP        Jan 05 11:56:55 :486 2023 Conn 0x480 Down
TTP        Jan 05 11:56:56 :427 2023 Giveup timer expired; conn 0x4c0
TTP        Jan 05 11:56:56 :427 2023 Conn 0x4c0 Down
TTP        Jan 05 11:56:58 :913 2023 Conn 0x4c0 Up
NCCASC     Jan 05 11:57:05 :862 2023 Terminal 0x480 (A4Z1_N1_CH_SATH_TT5_R1_15) status Down
	(Reason: N/A)
TTP        Jan 05 11:57:33 :867 2023 Giveup timer expired; conn 0x420
TTP        Jan 05 11:57:33 :867 2023 Conn 0x420 Down
NCCASC     Jan 05 11:57:35 :174 2023 Terminal 0x480 (A4Z1_N1_CH_SATH_TT5_R1_15) status Up
TTP        Jan 05 11:57:42 :167 2023 Conn 0x420 Up
NCCASC     Jan 05 11:58:46 :176 2023 Terminal 0x480 (A4Z1_N1_CH_SATH_TT5_R1_15) status Down
	(Reason: N/A)
TTP        Jan 05 11:58:46 :739 2023 Giveup timer expired; conn 0x400
TTP        Jan 05 11:58:46 :739 2023 Conn 0x400 Down
TTP        Jan 05 11:59:00 :905 2023 Giveup timer expired; conn 0x460
TTP        Jan 05 11:59:00 :905 2023 Conn 0x460 Down
NCCASC     Jan 05 11:59:13 :913 2023 Terminal 0x480 (A4Z1_N1_CH_SATH_TT5_R1_15) status Up
TTP        Jan 05 11:59:14 :561 2023 Conn 0x480 Up
NCCASC     Jan 05 11:59:27 :370 2023 Terminal 0x460 (A4Z1_N1_CH_SATH_TT4_R1_14) status Down
	(Reason: N/A)
NCCASC     Jan 05 11:59:31 :156 2023 Terminal 0x400 (A4Z1_N1_CH_SATH_TT1_R1_11) status Down
	(Reason: N/A)
NCCASC     Jan 05 11:59:46 :449 2023 Terminal 0x400 (A4Z1_N1_CH_SATH_TT1_R1_11) status Up
TTP        Jan 05 11:59:47 :096 2023 Conn 0x400 Up
NCCASC     Jan 05 11:59:57 :897 2023 Terminal 0x460 (A4Z1_N1_CH_SATH_TT4_R1_14) status Up
NCCASC     Jan 05 12:01:08 :894 2023 Terminal 0x460 (A4Z1_N1_CH_SATH_TT4_R1_14) status Down
	(Reason: N/A)
NCCASC     Jan 05 12:01:36 :663 2023 Terminal 0x460 (A4Z1_N1_CH_SATH_TT4_R1_14) status Up
TTP        Jan 05 12:01:37 :311 2023 Conn 0x460 Up
TTP        Jan 05 12:03:31 :092 2023 Giveup timer expired; conn 0x440
TTP        Jan 05 12:03:31 :092 2023 Conn 0x440 Down
TTP        Jan 05 12:03:35 :463 2023 Giveup timer expired; conn 0x4a0
TTP        Jan 05 12:03:35 :463 2023 Conn 0x4a0 Down
TTP        Jan 05 12:03:39 :028 2023 Giveup timer expired; conn 0x480
TTP        Jan 05 12:03:39 :028 2023 Conn 0x480 Down
TTP        Jan 05 12:03:41 :656 2023 Giveup timer expired; conn 0x4c0
TTP        Jan 05 12:03:41 :656 2023 Conn 0x4c0 Down
NCCASC     Jan 05 12:03:43 :257 2023 Terminal 0x120 (A4Z1_N1_CH_SATH_MRT_R1_04) status Down
	(Reason: N/A)
NCCASC     Jan 05 12:03:43 :257 2023 Terminal 0x140 (A4Z1_N1_CH_SATH_ART_R1_05) now the MRT
TTP        Jan 05 12:03:45 :232 2023 Giveup timer expired; conn 0x420
TTP        Jan 05 12:03:45 :232 2023 Conn 0x420 Down
TTP        Jan 05 12:03:45 :994 2023 Conn 0x560 Down
TTP        Jan 05 12:03:45 :994 2023 Conn 0x560 Up
TTP        Jan 05 12:03:48 :154 2023 Conn 0x540 Down
TTP        Jan 05 12:03:48 :154 2023 Conn 0x540 Up
TTP        Jan 05 12:03:56 :045 2023 Giveup timer expired; conn 0x460
TTP        Jan 05 12:03:56 :045 2023 Conn 0x460 Down
TTP        Jan 05 12:03:59 :841 2023 Giveup timer expired; conn 0x4e0
TTP        Jan 05 12:03:59 :841 2023 Conn 0x4e0 Down
TTP        Jan 05 12:04:00 :441 2023 Giveup timer expired; conn 0x400
TTP        Jan 05 12:04:00 :441 2023 Conn 0x400 Down
NCCASC     Jan 05 12:04:11 :826 2023 Terminal 0x480 (A4Z1_N1_CH_SATH_TT5_R1_15) status Down
	(Reason: N/A)
NCCASC     Jan 05 12:04:11 :878 2023 Terminal 0x440 (A4Z1_N1_CH_SATH_TT3_R1_13) status Down
	(Reason: N/A)
NCCASC     Jan 05 12:04:12 :551 2023 Terminal 0x420 (A4Z1_N1_CH_SATH_TT2_R1_12) status Down
	(Reason: N/A)
NCCASC     Jan 05 12:04:12 :830 2023 Terminal 0x400 (A4Z1_N1_CH_SATH_TT1_R1_11) status Down
	(Reason: N/A)
NCCASC     Jan 05 12:04:12 :840 2023 Terminal 0x4e0 (A4Z1_N1_CH_SATH_TT8_R1_18) status Down
	(Reason: N/A)
NCCASC     Jan 05 12:04:13 :305 2023 Terminal 0x4a0 (A4Z1_N1_CH_SATH_TT6_R1_16) status Down
	(Reason: N/A)
NCCASC     Jan 05 12:04:13 :367 2023 Terminal 0x460 (A4Z1_N1_CH_SATH_TT4_R1_14) status Down
	(Reason: N/A)
NCCASC     Jan 05 12:04:13 :499 2023 Terminal 0x4c0 (A4Z1_N1_CH_SATH_TT7_R1_17) status Down
	(Reason: N/A)
TTP        Jan 05 12:04:17 :049 2023 Giveup timer expired; conn 0x120
TTP        Jan 05 12:04:17 :049 2023 Conn 0x120 Down
NCCASC     Jan 05 12:04:23 :269 2023 Terminal 0x140 (A4Z1_N1_CH_SATH_ART_R1_05) status Down
	(Reason: N/A)
NCCASC     Jan 05 12:04:23 :270 2023 Terminal 0x140 (A4Z1_N1_CH_SATH_ART_R1_05) now a TT
NCCASC     Jan 05 12:04:23 :271 2023 Terminal 0x120 (A4Z1_N1_CH_SATH_MRT_R1_04) now the MRT
NCCASC     Jan 05 12:04:25 :384 2023 Terminal 0x120 (A4Z1_N1_CH_SATH_MRT_R1_04) status Waiting for RxSync
TTP        Jan 05 12:04:44 :396 2023 Giveup timer expired; conn 0x140
TTP        Jan 05 12:04:44 :396 2023 Conn 0x140 Down
TTP        Jan 05 12:04:46 :277 2023 Giveup timer expired; conn 0x560
TTP        Jan 05 12:04:46 :277 2023 Conn 0x560 Down
TTP        Jan 05 12:04:46 :689 2023 Conn 0x120 Up
NCCASC     Jan 05 12:04:47 :389 2023 Terminal 0x120 (A4Z1_N1_CH_SATH_MRT_R1_04) status Up
TTP        Jan 05 12:04:48 :439 2023 Giveup timer expired; conn 0x540
TTP        Jan 05 12:04:48 :439 2023 Conn 0x540 Down
NCCASC     Jan 05 12:05:03 :502 2023 Terminal 0x540 (A4Z2_N3_R_SAT8_TT1_R1_01) status Down
	(Reason: N/A)
NCCASC     Jan 05 12:05:11 :016 2023 Terminal 0x4c0 (A4Z1_N1_CH_SATH_TT7_R1_17) status Up
NCCASC     Jan 05 12:05:11 :460 2023 Terminal 0x560 (A4Z2_N3_R_SAT8_TT2_R1_02) status Down
	(Reason: N/A)
TTP        Jan 05 12:05:11 :663 2023 Conn 0x4c0 Up
NCCASC     Jan 05 12:05:20 :682 2023 Terminal 0x140 (A4Z1_N1_CH_SATH_ART_R1_05) status Up
TTP        Jan 05 12:05:22 :086 2023 Conn 0x140 Up
NCCASC     Jan 05 12:05:29 :241 2023 Terminal 0x440 (A4Z1_N1_CH_SATH_TT3_R1_13) status Up
NCCASC     Jan 05 12:05:31 :536 2023 Terminal 0x420 (A4Z1_N1_CH_SATH_TT2_R1_12) status Up
NCCASC     Jan 05 12:05:33 :857 2023 Terminal 0x400 (A4Z1_N1_CH_SATH_TT1_R1_11) status Up
TTP        Jan 05 12:05:35 :316 2023 Conn 0x420 Up
NCCASC     Jan 05 12:05:39 :285 2023 Terminal 0x540 (A4Z2_N3_R_SAT8_TT1_R1_01) status Up
TTP        Jan 05 12:05:40 :959 2023 Conn 0x540 Up
NCCASC     Jan 05 12:05:41 :580 2023 Terminal 0x4a0 (A4Z1_N1_CH_SATH_TT6_R1_16) status Up
TTP        Jan 05 12:05:43 :227 2023 Conn 0x4a0 Up
NCCASC     Jan 05 12:05:46 :926 2023 Terminal 0x560 (A4Z2_N3_R_SAT8_TT2_R1_02) status Up
TTP        Jan 05 12:05:47 :574 2023 Conn 0x560 Up
NCCASC     Jan 05 12:06:01 :425 2023 Terminal 0x480 (A4Z1_N1_CH_SATH_TT5_R1_15) status Up
NCCASC     Jan 05 12:06:03 :720 2023 Terminal 0x4e0 (A4Z1_N1_CH_SATH_TT8_R1_18) status Up
TTP        Jan 05 12:06:04 :395 2023 Conn 0x4e0 Up
TTP        Jan 05 12:06:05 :232 2023 Conn 0x480 Up
NCCASC     Jan 05 12:06:21 :378 2023 Terminal 0x460 (A4Z1_N1_CH_SATH_TT4_R1_14) status Up
NCCASC     Jan 05 12:06:40 :245 2023 Terminal 0x440 (A4Z1_N1_CH_SATH_TT3_R1_13) status Down
	(Reason: N/A)
NCCASC     Jan 05 12:06:44 :852 2023 Terminal 0x400 (A4Z1_N1_CH_SATH_TT1_R1_11) status Down
	(Reason: N/A)
NCCASC     Jan 05 12:06:59 :826 2023 Terminal 0x400 (A4Z1_N1_CH_SATH_TT1_R1_11) status Up
NCCASC     Jan 05 12:07:11 :112 2023 Terminal 0x440 (A4Z1_N1_CH_SATH_TT3_R1_13) status Up
TTP        Jan 05 12:07:11 :814 2023 Conn 0x440 Up
NCCASC     Jan 05 12:07:32 :372 2023 Terminal 0x460 (A4Z1_N1_CH_SATH_TT4_R1_14) status Down
	(Reason: N/A)
NCCASC     Jan 05 12:08:01 :737 2023 Terminal 0x460 (A4Z1_N1_CH_SATH_TT4_R1_14) status Up
NCCASC     Jan 05 12:08:10 :824 2023 Terminal 0x400 (A4Z1_N1_CH_SATH_TT1_R1_11) status Down
	(Reason: N/A)
NCCASC     Jan 05 12:08:22 :365 2023 Terminal 0x400 (A4Z1_N1_CH_SATH_TT1_R1_11) status Up
TTP        Jan 05 12:08:24 :039 2023 Conn 0x400 Up
NCCASC     Jan 05 12:09:12 :734 2023 Terminal 0x460 (A4Z1_N1_CH_SATH_TT4_R1_14) status Down
	(Reason: N/A)
NCCASC     Jan 05 12:09:25 :034 2023 Terminal 0x460 (A4Z1_N1_CH_SATH_TT4_R1_14) status Up
TTP        Jan 05 12:09:25 :708 2023 Conn 0x460 Up
CONOP      Jan  5 12:11:57 :720 2023 root> sendtermcmd 1024 rb -l
CONOP      Jan  5 12:12:02 :980 2023 root> sendtermcmd 1024 rb
CONOP      Jan  5 12:12:09 :430 2023 root> sendtermcmd 1024 rb
CONOP      Jan  5 12:12:14 :510 2023 root> sendtermcmd 1024 rb
CONOP      Jan  5 12:12:18 :370 2023 root> sendtermcmd 1024 rb
CONOP      Jan  5 12:12:41 :840 2023 root> sendtermcmd 1344 rb
CONOP      Jan  5 12:14:27 :670 2023 root> sendtermcmd 1344 rb -l
CONOP      Jan  5 12:14:48 :890 2023 root> sendtermcmd 1376 rb -l
CONOP      Jan  5 12:15:52 :800 2023 root> sendtermcmd 1344 rb -l
TTP        Jan 05 12:16:02 :064 2023 Giveup timer expired; conn 0x540
TTP        Jan 05 12:16:02 :064 2023 Conn 0x540 Down
NCCASC     Jan 05 12:16:27 :221 2023 Terminal 0x540 (A4Z2_N3_R_SAT8_TT1_R1_01) status Down
	(Reason: N/A)
CONOP      Jan  5 12:17:30 :590 2023 root> sendtermcmd 1376 rb -l
TTP        Jan 05 12:18:45 :744 2023 Conn 0x560 Down
TTP        Jan 05 12:18:45 :744 2023 Conn 0x560 Up
NCCASC     Jan 05 12:30:03 :468 2023 Terminal 0x120 (A4Z1_N1_CH_SATH_MRT_R1_04) status Down
	(Reason: N/A)
NCCASC     Jan 05 12:30:03 :468 2023 Terminal 0x140 (A4Z1_N1_CH_SATH_ART_R1_05) now the MRT
TTP        Jan 05 12:30:13 :414 2023 Giveup timer expired; conn 0x4c0
TTP        Jan 05 12:30:13 :414 2023 Conn 0x4c0 Down
TTP        Jan 05 12:30:15 :503 2023 Giveup timer expired; conn 0x560
TTP        Jan 05 12:30:15 :503 2023 Conn 0x560 Down
TTP        Jan 05 12:30:17 :720 2023 Giveup timer expired; conn 0x120
TTP        Jan 05 12:30:17 :720 2023 Conn 0x120 Down
TTP        Jan 05 12:30:21 :920 2023 Giveup timer expired; conn 0x480
TTP        Jan 05 12:30:21 :920 2023 Conn 0x480 Down
TTP        Jan 05 12:30:21 :930 2023 Giveup timer expired; conn 0x400
TTP        Jan 05 12:30:21 :930 2023 Conn 0x400 Down
NCCASC     Jan 05 12:30:25 :467 2023 Terminal 0x140 (A4Z1_N1_CH_SATH_ART_R1_05) status Down
	(Reason: N/A)
NCCASC     Jan 05 12:30:25 :467 2023 Terminal 0x140 (A4Z1_N1_CH_SATH_ART_R1_05) now a TT
TTP        Jan 05 12:30:26 :008 2023 Giveup timer expired; conn 0x4a0
TTP        Jan 05 12:30:26 :008 2023 Conn 0x4a0 Down
TTP        Jan 05 12:30:28 :823 2023 Giveup timer expired; conn 0x4e0
TTP        Jan 05 12:30:28 :823 2023 Conn 0x4e0 Down
TTP        Jan 05 12:30:29 :404 2023 Giveup timer expired; conn 0x460
TTP        Jan 05 12:30:29 :404 2023 Conn 0x460 Down
TTP        Jan 05 12:30:31 :897 2023 Giveup timer expired; conn 0x440
TTP        Jan 05 12:30:31 :897 2023 Conn 0x440 Down
TTP        Jan 05 12:30:35 :894 2023 Giveup timer expired; conn 0x140
TTP        Jan 05 12:30:35 :894 2023 Conn 0x140 Down
TTP        Jan 05 12:30:41 :547 2023 Giveup timer expired; conn 0x420
TTP        Jan 05 12:30:41 :548 2023 Conn 0x420 Down
NCCASC     Jan 05 12:30:50 :680 2023 Terminal 0x4e0 (A4Z1_N1_CH_SATH_TT8_R1_18) status Down
	(Reason: N/A)
NCCASC     Jan 05 12:30:52 :120 2023 Terminal 0x420 (A4Z1_N1_CH_SATH_TT2_R1_12) status Down
	(Reason: N/A)
NCCASC     Jan 05 12:30:52 :192 2023 Terminal 0x4c0 (A4Z1_N1_CH_SATH_TT7_R1_17) status Down
	(Reason: N/A)
NCCASC     Jan 05 12:30:52 :255 2023 Terminal 0x480 (A4Z1_N1_CH_SATH_TT5_R1_15) status Down
	(Reason: N/A)
NCCASC     Jan 05 12:30:52 :286 2023 Terminal 0x560 (A4Z2_N3_R_SAT8_TT2_R1_02) status Down
	(Reason: N/A)
NCCASC     Jan 05 12:30:52 :306 2023 Terminal 0x440 (A4Z1_N1_CH_SATH_TT3_R1_13) status Down
	(Reason: N/A)
NCCASC     Jan 05 12:30:52 :389 2023 Terminal 0x400 (A4Z1_N1_CH_SATH_TT1_R1_11) status Down
	(Reason: N/A)
NCCASC     Jan 05 12:30:52 :875 2023 Terminal 0x4a0 (A4Z1_N1_CH_SATH_TT6_R1_16) status Down
	(Reason: N/A)
NCCASC     Jan 05 12:30:52 :925 2023 Terminal 0x460 (A4Z1_N1_CH_SATH_TT4_R1_14) status Down
	(Reason: N/A)
NCCASC     Jan 05 12:37:13 :526 2023 Terminal 0x120 (A4Z1_N1_CH_SATH_MRT_R1_04) now the MRT
NCCASC     Jan 05 12:37:35 :641 2023 Terminal 0x120 (A4Z1_N1_CH_SATH_MRT_R1_04) status Waiting for RxSync
TTP        Jan 05 12:37:50 :921 2023 Conn 0x120 Up
NCCASC     Jan 05 12:37:51 :646 2023 Terminal 0x120 (A4Z1_N1_CH_SATH_MRT_R1_04) status Up
NCCASC     Jan 05 12:38:12 :008 2023 Terminal 0x4e0 (A4Z1_N1_CH_SATH_TT8_R1_18) status Up
NCCASC     Jan 05 12:38:14 :303 2023 Terminal 0x420 (A4Z1_N1_CH_SATH_TT2_R1_12) status Up
NCCASC     Jan 05 12:38:16 :733 2023 Terminal 0x4c0 (A4Z1_N1_CH_SATH_TT7_R1_17) status Up
NCCASC     Jan 05 12:38:22 :106 2023 Terminal 0x560 (A4Z2_N3_R_SAT8_TT2_R1_02) status Up
NCCASC     Jan 05 12:38:24 :698 2023 Terminal 0x440 (A4Z1_N1_CH_SATH_TT3_R1_13) status Up
TTP        Jan 05 12:38:25 :346 2023 Conn 0x440 Up
TTP        Jan 05 12:38:25 :832 2023 Conn 0x560 Up
NCCASC     Jan 05 12:38:27 :101 2023 Terminal 0x400 (A4Z1_N1_CH_SATH_TT1_R1_11) status Up
TTP        Jan 05 12:38:27 :749 2023 Conn 0x400 Up
NCCASC     Jan 05 12:38:32 :474 2023 Terminal 0x460 (A4Z1_N1_CH_SATH_TT4_R1_14) status Up
NCCASC     Jan 05 12:38:49 :862 2023 Terminal 0x500 (A4Z1_N2_R_SAT8_TT1_R1_01) status Up
TTP        Jan 05 12:38:50 :510 2023 Conn 0x500 Up
NCCASC     Jan 05 12:38:52 :265 2023 Terminal 0x480 (A4Z1_N1_CH_SATH_TT5_R1_15) status Up
TTP        Jan 05 12:38:56 :126 2023 Conn 0x480 Up
NCCASC     Jan 05 12:39:06 :926 2023 Terminal 0x520 (A4Z1_N2_R_SAT8_TT2_R1_02) status Up
TTP        Jan 05 12:39:10 :760 2023 Conn 0x520 Up
NCCASC     Jan 05 12:39:23 :001 2023 Terminal 0x4e0 (A4Z1_N1_CH_SATH_TT8_R1_18) status Down
	(Reason: N/A)
NCCASC     Jan 05 12:39:25 :305 2023 Terminal 0x420 (A4Z1_N1_CH_SATH_TT2_R1_12) status Down
	(Reason: N/A)
NCCASC     Jan 05 12:39:27 :736 2023 Terminal 0x4c0 (A4Z1_N1_CH_SATH_TT7_R1_17) status Down
	(Reason: N/A)
NCCASC     Jan 05 12:39:43 :481 2023 Terminal 0x460 (A4Z1_N1_CH_SATH_TT4_R1_14) status Down
	(Reason: N/A)
TTP        Jan 05 12:39:46 :876 2023 Giveup timer expired; conn 0x440
TTP        Jan 05 12:39:46 :876 2023 Conn 0x440 Down
NCCASC     Jan 05 12:40:04 :868 2023 Terminal 0x140 (A4Z1_N1_CH_SATH_ART_R1_05) status Up
TTP        Jan 05 12:40:10 :976 2023 Giveup timer expired; conn 0x520
TTP        Jan 05 12:40:10 :976 2023 Conn 0x520 Down
TTP        Jan 05 12:40:25 :550 2023 Conn 0x140 Up
NCCASC     Jan 05 12:40:37 :503 2023 Terminal 0x520 (A4Z1_N2_R_SAT8_TT2_R1_02) status Down
	(Reason: N/A)
TTP        Jan 05 12:40:49 :381 2023 Giveup timer expired; conn 0x400
TTP        Jan 05 12:40:49 :381 2023 Conn 0x400 Down
NCCASC     Jan 05 12:40:55 :359 2023 Terminal 0x460 (A4Z1_N1_CH_SATH_TT4_R1_14) status Up
TTP        Jan 05 12:40:57 :005 2023 Conn 0x460 Up
NCCASC     Jan 05 12:41:03 :864 2023 Terminal 0x4c0 (A4Z1_N1_CH_SATH_TT7_R1_17) status Up
TTP        Jan 05 12:41:05 :510 2023 Conn 0x4c0 Up
NCCASC     Jan 05 12:41:24 :211 2023 Terminal 0x400 (A4Z1_N1_CH_SATH_TT1_R1_11) status Down
	(Reason: N/A)
NCCASC     Jan 05 12:41:24 :519 2023 Terminal 0x520 (A4Z1_N2_R_SAT8_TT2_R1_02) status Up
TTP        Jan 05 12:41:28 :353 2023 Conn 0x520 Up
NCCASC     Jan 05 12:41:36 :226 2023 Terminal 0x440 (A4Z1_N1_CH_SATH_TT3_R1_13) status Down
	(Reason: N/A)
NCCASC     Jan 05 12:41:39 :099 2023 Terminal 0x4e0 (A4Z1_N1_CH_SATH_TT8_R1_18) status Up
NCCASC     Jan 05 12:41:44 :418 2023 Terminal 0x400 (A4Z1_N1_CH_SATH_TT1_R1_11) status Up
TTP        Jan 05 12:41:45 :066 2023 Conn 0x400 Up
NCCASC     Jan 05 12:42:04 :803 2023 Terminal 0x4a0 (A4Z1_N1_CH_SATH_TT6_R1_16) status Up
TTP        Jan 05 12:42:05 :451 2023 Conn 0x4a0 Up
TTP        Jan 05 12:42:10 :203 2023 Conn 0x4e0 Up
NCCASC     Jan 05 12:42:28 :266 2023 Terminal 0x440 (A4Z1_N1_CH_SATH_TT3_R1_13) status Up
TTP        Jan 05 12:42:30 :021 2023 Conn 0x440 Up
NCCASC     Jan 05 12:42:33 :639 2023 Terminal 0x420 (A4Z1_N1_CH_SATH_TT2_R1_12) status Up
TTP        Jan 05 12:42:35 :313 2023 Conn 0x420 Up
TTP        Jan 05 12:49:36 :847 2023 Giveup timer expired; conn 0x4a0
TTP        Jan 05 12:49:36 :847 2023 Conn 0x4a0 Down
TTP        Jan 05 12:49:49 :368 2023 Conn 0x4a0 Up
GUISERV    Jan 05 12:53:01 :652 2023 Logout linkway@127.0.0.1
NCCASC     Jan 05 12:56:03 :747 2023 Terminal 0x120 (A4Z1_N1_CH_SATH_MRT_R1_04) status Down
	(Reason: N/A)
NCCASC     Jan 05 12:56:03 :748 2023 Terminal 0x140 (A4Z1_N1_CH_SATH_ART_R1_05) now the MRT
TTP        Jan 05 12:56:11 :755 2023 Giveup timer expired; conn 0x4c0
TTP        Jan 05 12:56:11 :755 2023 Conn 0x4c0 Down
TTP        Jan 05 12:56:13 :958 2023 Giveup timer expired; conn 0x460
TTP        Jan 05 12:56:13 :958 2023 Conn 0x460 Down
TTP        Jan 05 12:56:16 :481 2023 Giveup timer expired; conn 0x560
TTP        Jan 05 12:56:16 :482 2023 Conn 0x560 Down
TTP        Jan 05 12:56:18 :130 2023 Giveup timer expired; conn 0x120
TTP        Jan 05 12:56:18 :130 2023 Conn 0x120 Down
TTP        Jan 05 12:56:20 :148 2023 Giveup timer expired; conn 0x480
TTP        Jan 05 12:56:20 :148 2023 Conn 0x480 Down
TTP        Jan 05 12:56:21 :276 2023 Giveup timer expired; conn 0x440
TTP        Jan 05 12:56:21 :276 2023 Conn 0x440 Down
NCCASC     Jan 05 12:56:25 :744 2023 Terminal 0x140 (A4Z1_N1_CH_SATH_ART_R1_05) status Down
	(Reason: N/A)
NCCASC     Jan 05 12:56:25 :745 2023 Terminal 0x140 (A4Z1_N1_CH_SATH_ART_R1_05) now a TT
TTP        Jan 05 12:56:26 :572 2023 Giveup timer expired; conn 0x4e0
TTP        Jan 05 12:56:26 :572 2023 Conn 0x4e0 Down
TTP        Jan 05 12:56:33 :373 2023 Giveup timer expired; conn 0x4a0
TTP        Jan 05 12:56:33 :373 2023 Conn 0x4a0 Down
TTP        Jan 05 12:56:35 :418 2023 Giveup timer expired; conn 0x520
TTP        Jan 05 12:56:35 :418 2023 Conn 0x520 Down
TTP        Jan 05 12:56:36 :308 2023 Giveup timer expired; conn 0x140
TTP        Jan 05 12:56:36 :308 2023 Conn 0x140 Down
TTP        Jan 05 12:56:36 :753 2023 Giveup timer expired; conn 0x400
TTP        Jan 05 12:56:36 :754 2023 Conn 0x400 Down
TTP        Jan 05 12:56:40 :452 2023 Giveup timer expired; conn 0x500
TTP        Jan 05 12:56:40 :453 2023 Conn 0x500 Down
TTP        Jan 05 12:56:40 :856 2023 Giveup timer expired; conn 0x420
TTP        Jan 05 12:56:40 :856 2023 Conn 0x420 Down
NCCASC     Jan 05 12:56:51 :778 2023 Terminal 0x4a0 (A4Z1_N1_CH_SATH_TT6_R1_16) status Down
	(Reason: N/A)
NCCASC     Jan 05 12:56:52 :742 2023 Terminal 0x420 (A4Z1_N1_CH_SATH_TT2_R1_12) status Down
	(Reason: N/A)
NCCASC     Jan 05 12:56:52 :803 2023 Terminal 0x500 (A4Z1_N2_R_SAT8_TT1_R1_01) status Down
	(Reason: N/A)
NCCASC     Jan 05 12:56:52 :961 2023 Terminal 0x520 (A4Z1_N2_R_SAT8_TT2_R1_02) status Down
	(Reason: N/A)
NCCASC     Jan 05 12:56:53 :560 2023 Terminal 0x460 (A4Z1_N1_CH_SATH_TT4_R1_14) status Down
	(Reason: N/A)
NCCASC     Jan 05 12:56:53 :694 2023 Terminal 0x4c0 (A4Z1_N1_CH_SATH_TT7_R1_17) status Down
	(Reason: N/A)
NCCASC     Jan 05 12:56:53 :745 2023 Terminal 0x480 (A4Z1_N1_CH_SATH_TT5_R1_15) status Down
	(Reason: N/A)
NCCASC     Jan 05 12:56:53 :777 2023 Terminal 0x560 (A4Z2_N3_R_SAT8_TT2_R1_02) status Down
	(Reason: N/A)
NCCASC     Jan 05 12:56:53 :797 2023 Terminal 0x440 (A4Z1_N1_CH_SATH_TT3_R1_13) status Down
	(Reason: N/A)
NCCASC     Jan 05 12:56:53 :880 2023 Terminal 0x400 (A4Z1_N1_CH_SATH_TT1_R1_11) status Down
	(Reason: N/A)
NCCASC     Jan 05 12:56:53 :901 2023 Terminal 0x4e0 (A4Z1_N1_CH_SATH_TT8_R1_18) status Down
	(Reason: N/A)
NCCASC     Jan 05 13:01:43 :805 2023 Terminal 0x120 (A4Z1_N1_CH_SATH_MRT_R1_04) now the MRT
NCCASC     Jan 05 13:02:07 :923 2023 Terminal 0x120 (A4Z1_N1_CH_SATH_MRT_R1_04) status Waiting for RxSync
TTP        Jan 05 13:02:10 :328 2023 Conn 0x120 Up
NCCASC     Jan 05 13:02:11 :924 2023 Terminal 0x120 (A4Z1_N1_CH_SATH_MRT_R1_04) status Up
NCCASC     Jan 05 13:02:29 :308 2023 Terminal 0x420 (A4Z1_N1_CH_SATH_TT2_R1_12) status Up
TTP        Jan 05 13:02:29 :956 2023 Conn 0x420 Up
NCCASC     Jan 05 13:02:37 :624 2023 Terminal 0x460 (A4Z1_N1_CH_SATH_TT4_R1_14) status Up
NCCASC     Jan 05 13:02:40 :243 2023 Terminal 0x4c0 (A4Z1_N1_CH_SATH_TT7_R1_17) status Up
TTP        Jan 05 13:02:40 :891 2023 Conn 0x4c0 Up
NCCASC     Jan 05 13:02:42 :565 2023 Terminal 0x480 (A4Z1_N1_CH_SATH_TT5_R1_15) status Up
TTP        Jan 05 13:02:43 :213 2023 Conn 0x480 Up
NCCASC     Jan 05 13:02:45 :103 2023 Terminal 0x560 (A4Z2_N3_R_SAT8_TT2_R1_02) status Up
TTP        Jan 05 13:02:45 :751 2023 Conn 0x560 Up
NCCASC     Jan 05 13:02:53 :446 2023 Terminal 0x4e0 (A4Z1_N1_CH_SATH_TT8_R1_18) status Up
TTP        Jan 05 13:02:54 :094 2023 Conn 0x4e0 Up
NCCASC     Jan 05 13:03:03 :166 2023 Terminal 0x140 (A4Z1_N1_CH_SATH_ART_R1_05) status Up
TTP        Jan 05 13:03:03 :517 2023 Conn 0x140 Up
NCCASC     Jan 05 13:03:14 :561 2023 Terminal 0x440 (A4Z1_N1_CH_SATH_TT3_R1_13) status Up
NCCASC     Jan 05 13:03:16 :963 2023 Terminal 0x400 (A4Z1_N1_CH_SATH_TT1_R1_11) status Up
TTP        Jan 05 13:03:20 :716 2023 Conn 0x400 Up
NCCASC     Jan 05 13:03:46 :421 2023 Terminal 0x4a0 (A4Z1_N1_CH_SATH_TT6_R1_16) status Up
TTP        Jan 05 13:03:47 :257 2023 Conn 0x4a0 Up
NCCASC     Jan 05 13:03:48 :622 2023 Terminal 0x460 (A4Z1_N1_CH_SATH_TT4_R1_14) status Down
	(Reason: N/A)
TTP        Jan 05 13:04:04 :322 2023 Giveup timer expired; conn 0x140
TTP        Jan 05 13:04:04 :322 2023 Conn 0x140 Down
NCCASC     Jan 05 13:04:21 :818 2023 Terminal 0x460 (A4Z1_N1_CH_SATH_TT4_R1_14) status Up
TTP        Jan 05 13:04:22 :493 2023 Conn 0x460 Up
NCCASC     Jan 05 13:04:24 :910 2023 Terminal 0x140 (A4Z1_N1_CH_SATH_ART_R1_05) status Down
	(Reason: N/A)
NCCASC     Jan 05 13:04:25 :562 2023 Terminal 0x440 (A4Z1_N1_CH_SATH_TT3_R1_13) status Down
	(Reason: N/A)
NCCASC     Jan 05 13:04:45 :146 2023 Terminal 0x440 (A4Z1_N1_CH_SATH_TT3_R1_13) status Up
TTP        Jan 05 13:04:45 :821 2023 Conn 0x440 Up
NCCASC     Jan 05 13:05:00 :860 2023 Terminal 0x140 (A4Z1_N1_CH_SATH_ART_R1_05) status Up
TTP        Jan 05 13:05:01 :211 2023 Conn 0x140 Up
NCCASC     Jan 05 13:06:18 :485 2023 Terminal 0x520 (A4Z1_N2_R_SAT8_TT2_R1_02) status Up
NCCASC     Jan 05 13:06:30 :014 2023 Terminal 0x500 (A4Z1_N2_R_SAT8_TT1_R1_01) status Up
TTP        Jan 05 13:06:30 :689 2023 Conn 0x500 Up
NCCASC     Jan 05 13:07:29 :489 2023 Terminal 0x520 (A4Z1_N2_R_SAT8_TT2_R1_02) status Down
	(Reason: N/A)
NCCASC     Jan 05 13:08:02 :921 2023 Terminal 0x520 (A4Z1_N2_R_SAT8_TT2_R1_02) status Up
TTP        Jan 05 13:08:03 :569 2023 Conn 0x520 Up
GUISERV    Jan 05 13:09:07 :803 2023 Incoming conn - socket 18 from 127.0.0.1
CONOP      Jan  5 13:09:51 :510 2023 root> sendtermcmd 1280 rb
CONOP      Jan  5 13:09:56 :960 2023 root> sendtermcmd 1280 rb -l
CONOP      Jan  5 13:10:10 :710 2023 root> sendtermcmd 1280 rbtp
CONOP      Jan  5 13:10:17 :170 2023 root> sendtermcmd 1024 rbtp
CONOP      Jan  5 13:10:27 :580 2023 root> sendtermcmd 1056 rbtp
CONOP      Jan  5 13:10:34 :080 2023 root> sendtermcmd 1024 rb -l
CONOP      Jan  5 13:10:41 :660 2023 root> sendtermcmd 1376 rb -l
CONOP      Jan  5 13:10:51 :060 2023 root> sendtermcmd 1312 rb -l
CONOP      Jan  5 13:10:59 :040 2023 root> sendtermcmd 1280 rb -l
CONOP      Jan  5 13:11:05 :050 2023 root> sendtermcmd 1280 rb -l
CONOP      Jan  5 13:11:13 :840 2023 root> sendtermcmd 1280 rb -l
CONOP      Jan  5 13:11:55 :340 2023 root> sendtermcmd 1024 ping 10.24.23.1
CONOP      Jan  5 13:12:10 :870 2023 root> sendtermcmd 1024 ping 10.24.23.1
CONOP      Jan  5 13:12:50 :930 2023 root> sendtermcmd 1280 ping 10.24.23.1
CONOP      Jan  5 13:12:59 :870 2023 root> sendtermcmd 1024 ping 10.24.23.1
CONOP      Jan  5 13:13:07 :040 2023 root> sendtermcmd 1024 ping 10.24.23.1
CONOP      Jan  5 13:13:19 :840 2023 root> sendtermcmd 1024 ping 10.24.23.1
CONOP      Jan  5 13:13:27 :070 2023 root> sendtermcmd 1024 ping 10.24.23.1
NCCASC     Jan 05 13:13:33 :458 2023 Terminal 0x540 (A4Z2_N3_R_SAT8_TT1_R1_01) status Up
TTP        Jan 05 13:13:34 :159 2023 Conn 0x540 Up
CONOP      Jan  5 13:14:20 :060 2023 root> sendtermcmd 1344 ping 10.24.23.1
CONOP      Jan  5 13:14:39 :520 2023 root> sendtermcmd 1376 ping 10.24.23.1
CONOP      Jan  5 13:14:56 :000 2023 root> sendtermcmd 1376 ping 10.24.23.1
GUISERV    Jan 05 13:27:34 :560 2023 Incoming conn - socket 20 from 127.0.0.1
CONOP      Jan  5 13:28:00 :640 2023 root> sendtermcmd 1024 rb -l
CONOP      Jan  5 13:28:09 :680 2023 root> sendtermcmd 1056 rb -l
CONOP      Jan  5 13:28:38 :980 2023 root> sendtermcmd 1024 rb -l
CONOP      Jan  5 13:28:54 :830 2023 root> sendtermcmd 1024 rb -l
CONOP      Jan  5 13:29:19 :050 2023 root> sendtermcmd 1280 rb -l
CONOP      Jan  5 13:29:35 :710 2023 root> sendtermcmd 1024 rb -l
CONOP      Jan  5 13:29:42 :910 2023 root> sendtermcmd 1056 rb -l
CONOP      Jan  5 13:29:49 :670 2023 root> sendtermcmd 320 rb -l
CONOP      Jan  5 13:30:01 :670 2023 root> sendtermcmd 1024 rb -l
CONOP      Jan  5 13:30:26 :670 2023 root> sendtermcmd 288 rb -l
CONOP      Jan  5 13:30:34 :170 2023 root> sendtermcmd 1024 rb -l
CONOP      Jan  5 13:30:38 :490 2023 root> sendtermcmd 1024 rb -l
CONOP      Jan  5 13:30:42 :480 2023 root> sendtermcmd 1024 rb -l
CONOP      Jan  5 13:30:46 :050 2023 root> sendtermcmd 1024 rb -l
CONOP      Jan  5 13:31:03 :030 2023 root> sendtermcmd 1024 rb -l
CONOP      Jan  5 13:31:24 :950 2023 root> sendtermcmd 1248 rb -l
CONOP      Jan  5 13:31:43 :250 2023 root> sendtermcmd 1248 rb -l
CONOP      Jan  5 13:32:21 :920 2023 root> sendtermcmd 1088 rb -l
CONOP      Jan  5 13:34:21 :610 2023 root> sendtermcmd 1280 rb -l
CONOP      Jan  5 13:34:29 :340 2023 root> sendtermcmd 1280 rb -l
CONOP      Jan  5 13:36:10 :460 2023 root> sendtermcmd 1376 show_ber
CONOP      Jan  5 13:36:16 :740 2023 root> sendtermcmd 1024 show_ber
CONOP      Jan  5 13:36:20 :970 2023 root> sendtermcmd 1280 show_ber
CONOP      Jan  5 13:36:25 :950 2023 root> sendtermcmd 1312 show_ber
CONOP      Jan  5 13:36:35 :730 2023 root> sendtermcmd 1344 show_ber
CONOP      Jan  5 13:36:39 :880 2023 root> sendtermcmd 1376 show_ber
CONOP      Jan  5 13:36:47 :410 2023 root> sendtermcmd 1280 show_ber
CONOP      Jan  5 13:37:00 :930 2023 root> sendtermcmd 1312 show_ber
CONOP      Jan  5 13:37:05 :830 2023 root> sendtermcmd 1344 show_ber
CONOP      Jan  5 13:37:10 :990 2023 root> sendtermcmd 1376 show_ber
CONOP      Jan  5 13:37:39 :070 2023 root> sendtermcmd 1024 show_ber
CONOP      Jan  5 13:37:43 :460 2023 root> sendtermcmd 1024 show_ber
CONOP      Jan  5 13:38:02 :890 2023 root> sendtermcmd 1088 show_ber
CONOP      Jan  5 13:38:13 :800 2023 root> sendtermcmd 1248 show_ber
CONOP      Jan  5 13:39:44 :340 2023 root> sendtermcmd 1056 show_ber
GUISERV    Jan 05 13:41:59 :110 2023 Logout linkway@127.0.0.1
GUISERV    Jan 05 13:55:23 :323 2023 Logout linkway@127.0.0.1
TTP        Jan 05 15:14:33 :236 2023 Giveup timer expired; conn 0x140
TTP        Jan 05 15:14:33 :236 2023 Conn 0x140 Down
NCCASC     Jan 05 15:14:55 :377 2023 Terminal 0x140 (A4Z1_N1_CH_SATH_ART_R1_05) status Down
	(Reason: N/A)
NCCASC     Jan 05 15:15:01 :897 2023 Terminal 0x140 (A4Z1_N1_CH_SATH_ART_R1_05) status Up
TTP        Jan 05 15:15:02 :247 2023 Conn 0x140 Up
TTP        Jan 05 15:33:15 :864 2023 Giveup timer expired; conn 0x140
TTP        Jan 05 15:33:15 :864 2023 Conn 0x140 Down
NCCASC     Jan 05 15:33:28 :210 2023 Terminal 0x140 (A4Z1_N1_CH_SATH_ART_R1_05) status Down
	(Reason: N/A)
NCCASC     Jan 05 15:33:33 :491 2023 Terminal 0x140 (A4Z1_N1_CH_SATH_ART_R1_05) status Up
TTP        Jan 05 15:33:33 :869 2023 Conn 0x140 Up
TTP        Jan 05 16:05:07 :398 2023 Giveup timer expired; conn 0x460
TTP        Jan 05 16:05:07 :398 2023 Conn 0x460 Down
NCCASC     Jan 05 16:05:40 :916 2023 Terminal 0x460 (A4Z1_N1_CH_SATH_TT4_R1_14) status Down
	(Reason: N/A)
NCCASC     Jan 05 16:05:48 :806 2023 Terminal 0x460 (A4Z1_N1_CH_SATH_TT4_R1_14) status Up
TTP        Jan 05 16:05:49 :535 2023 Conn 0x460 Up
TTP        Jan 05 16:43:32 :769 2023 Giveup timer expired; conn 0x520
TTP        Jan 05 16:43:32 :769 2023 Conn 0x520 Down
TTP        Jan 05 16:43:49 :682 2023 Giveup timer expired; conn 0x500
TTP        Jan 05 16:43:49 :682 2023 Conn 0x500 Down
NCCASC     Jan 05 16:44:00 :996 2023 Terminal 0x500 (A4Z1_N2_R_SAT8_TT1_R1_01) status Down
	(Reason: N/A)
NCCASC     Jan 05 16:44:03 :760 2023 Terminal 0x520 (A4Z1_N2_R_SAT8_TT2_R1_02) status Down
	(Reason: N/A)
NCCASC     Jan 05 16:44:50 :095 2023 Terminal 0x520 (A4Z1_N2_R_SAT8_TT2_R1_02) status Up
TTP        Jan 05 16:44:50 :797 2023 Conn 0x520 Up
NCCASC     Jan 05 16:45:04 :486 2023 Terminal 0x500 (A4Z1_N2_R_SAT8_TT1_R1_01) status Up
TTP        Jan 05 16:45:05 :161 2023 Conn 0x500 Up
TTP        Jan 05 17:15:50 :875 2023 Giveup timer expired; conn 0x560
TTP        Jan 05 17:15:50 :875 2023 Conn 0x560 Down
NCCASC     Jan 05 17:16:20 :797 2023 Terminal 0x560 (A4Z2_N3_R_SAT8_TT2_R1_02) status Down
	(Reason: N/A)
NCCASC     Jan 05 17:16:28 :634 2023 Terminal 0x560 (A4Z2_N3_R_SAT8_TT2_R1_02) status Up
TTP        Jan 05 17:16:32 :360 2023 Conn 0x560 Up
TTP        Jan 05 20:05:12 :113 2023 Giveup timer expired; conn 0x480
TTP        Jan 05 20:05:12 :114 2023 Conn 0x480 Down
NCCASC     Jan 05 20:05:46 :630 2023 Terminal 0x480 (A4Z1_N1_CH_SATH_TT5_R1_15) status Down
	(Reason: N/A)
NCCASC     Jan 05 20:05:53 :613 2023 Terminal 0x480 (A4Z1_N1_CH_SATH_TT5_R1_15) status Up
TTP        Jan 05 20:05:54 :288 2023 Conn 0x480 Up
TTP        Jan 05 20:36:08 :665 2023 Giveup timer expired; conn 0x500
TTP        Jan 05 20:36:08 :665 2023 Conn 0x500 Down
NCCASC     Jan 05 20:36:46 :759 2023 Terminal 0x500 (A4Z1_N2_R_SAT8_TT1_R1_01) status Down
	(Reason: N/A)
NCCASC     Jan 05 20:36:53 :623 2023 Terminal 0x500 (A4Z1_N2_R_SAT8_TT1_R1_01) status Up
TTP        Jan 05 20:36:54 :298 2023 Conn 0x500 Up
TTP        Jan 05 22:06:10 :003 2023 Giveup timer expired; conn 0x500
TTP        Jan 05 22:06:10 :003 2023 Conn 0x500 Down
NCCASC     Jan 05 22:06:34 :687 2023 Terminal 0x500 (A4Z1_N2_R_SAT8_TT1_R1_01) status Down
	(Reason: N/A)
NCCASC     Jan 05 22:06:59 :641 2023 Terminal 0x500 (A4Z1_N2_R_SAT8_TT1_R1_01) status Up
TTP        Jan 05 22:07:00 :289 2023 Conn 0x500 Up
TTP        Jan 05 22:51:15 :621 2023 Giveup timer expired; conn 0x480
TTP        Jan 05 22:51:15 :621 2023 Conn 0x480 Down
NCCASC     Jan 05 22:51:54 :641 2023 Terminal 0x480 (A4Z1_N1_CH_SATH_TT5_R1_15) status Down
	(Reason: N/A)
NCCASC     Jan 05 22:52:02 :352 2023 Terminal 0x480 (A4Z1_N1_CH_SATH_TT5_R1_15) status Up
TTP        Jan 05 22:52:03 :027 2023 Conn 0x480 Up
